S01700006275696C642F697269732F6D61696E2E7372656343
S11300000C9469000C9488000C9488000C9488006B
S11300100C9488000C9488000C9488000C9488003C
S11300200C9488000C9488000C9488000C9488002C
S11300300C9488000C94D7060C9488000C94410608
S11300400C9488000C9488000C9488000C9488000C
S11300500C9488000C9488000C9488000C948800FC
S11300600C9488000C9488000C9488000C948800EC
S11300700C9488000C9455060C9488000C94880009
S11300800C9488000C9488000C9488000C948800CC
S11300900C9488000C9488000C9488000C948800BC
S11300A00C9488000C9488000C9488000C948800AC
S11300B00C9488000C9488000C9488000C9488009C
S11300C00C9488000C9488000C94880000020E069E
S11300D00C0411241FBECFEFD1E2DEBFCDBF12E06E
S11300E0A0E0B2E0E4E8F4E100E00BBF02C0079056
S11300F00D92A230B107D9F718E0A2E0B2E001C036
S11301001D92AB30B107E1F70E94E2080C94410A5A
S11301100C940000FC0120E030E007C08281938150
S1130120280F391F0480F581E02D3097B9F7C901F4
S11301300895FB0151834083338322839583848311
S11301400895CF92DF92EF92FF920F931F93CF9374
S1130150DF938C01FB017A01690105C0E81BF90BEF
S1130160E8010C811D81E8018A819B81E817F90768
S1130170A8F71CC0E8018A819B818E1B9F0BE701B5
S11301808E159F0508F4EC01D8018D919C91AE0168
S1130190B6018E0F9F1F0E94310ACC0EDD1EEC1A91
S11301A0FD0AE8010C811D81E0E0F0E00115110574
S11301B019F01E141F04F4F280E090E0DF91CF9157
S11301C01F910F91FF90EF90DF90CF9008954F9281
S11301D05F926F927F928F929F92AF92BF92CF92D3
S11301E0DF92EF92FF920F931F93CF93DF938C01D3
S11301F04B015A013901CC24DD2404C06C01F801FF
S1130200048115810115110519F44424552436C0BF
S1130210F801828193818C0D9D1D8816990670F7D3
S11302204424552428C07401EC18FD08F801828187
S113023093818E199F09E5018A159B0508F4EC0149
S1130240F801608171816E0D7F1DAE01C3010E94B2
S1130250310A4C0E5D1EF80104811581011511054A
S113026069F0CE0CDF1CCC0EDD1E8C0E9D1EAC1A6C
S1130270BD0A6C0E7D1E1A141B04ACF2C201DF9180
S1130280CF911F910F91FF90EF90DF90CF90BF908F
S1130290AF909F908F907F906F905F904F90089554
S11302A0EF92FF920F931F93CF93DF93FC0120E013
S11302B030E040E050E0A0E0B0E02EC06281738105
S11302C06115710531F1C081D18100E010E01EC0DB
S11302D0888100FD0BC09927982F8827A82BB92B5C
S11302E0C80101968617970771F403C09927A82BB4
S11302F0B92B7D01C701AA27BB27280F391F4A1F25
S11303005B1FA0E0B0E00F5F1F4F21960617170791
S1130310F9F60480F581E02D309781F60BC0DA01FF
S1130320C901A070B0709A0144275527280F391FBE
S11303304A1F5B1F203080E0380781E0480780E0D7
S1130340580768F7C90180959095DF91CF911F9167
S11303500F91FF90EF900895EF92FF920F931F93E8
S1130360CF93DF93CDB7DEB76A970FB6F894DEBFAD
S11303700FBECDBFE42E08969A87898740E150E0EE
S11303805C874B879E01215F3F4F3E872D874096B8
S1130390988B8F875A8B498BCE0145969C8B8B8B80
S11303A0CE0101969E8B8D8B88E090E0988F8F8B89
S11303B07A8F698FCB010E948A00AA2797FDA095A6
S11303C0BA2FBC01CD010E94530369837A838B83C6
S11303D09C83FF2400271127C801B7010E945303FF
S11303E06D837E838F839887CE0109960E94500186
S11303F06A960FB6F894DEBF0FBECDBFDF91CF91E2
S11304001F910F91FF90EF9008958CED95E09093DC
S11304100502809304020895A4E0B2E004969C01CE
S113042021703070280F391F02C0A40FB51F8D91A1
S11304309C911197AC015F704217530710F097FF1E
S113044006C0CD01845092408C5D954074F387E0E2
S1130450A03EB80718F080E090E00895C901029723
S11304609C013F70306811963C932E93FD01E80F78
S1130470F91F481B590B5F7051834083CD010296CD
S11304800895CF93DF939C01E4E0F2E0C0E0D0E074
S113049006C0808191819F70EF01E80FF91FCF01A1
S11304A002968217930739F0CF01845092408C5DF5
S11304B095407CF327C0808191819C013F70DF01CE
S11304C0A20FB31F9F7791838083CD018450924004
S11304D08C5D95404CF48D919C9197FD05C09F7067
S11304E0280F391F31832083209761F028813981B7
S11304F037FD08C03F70808191819F70280F391F9C
S113050039832883DF91CF910895E4E0F2E040E05D
S113051050E00BC02081318137FD04C0C9019F70B8
S1130520480F591F3F70E20FF31FCF0184509240D0
S11305308C5D95407CF3CA0108956F927F928F92EF
S11305409F92AF92BF92CF92DF92EF92FF920F935E
S11305501F93CF93DF93FB015A018B01040F151FE7
S1130560DC01CC24DD2440E050E07AE398EF692EEE
S11305709FEF792E600E711E6E167F0608F460C020
S1130580ED01E980FC9024E030E08FEF882E982E76
S1130590CCE0D0E0C401022E02C0969587950A945F
S11305A0E2F78E159F0530F042305105B1F4203149
S11305B0310599F4C7010C2E02C0969587950A94CB
S11305C0E2F7682F6F708F7090700A9718F4862F77
S11305D0805D02C0862F895A81932C5F3F4F2497F8
S11305E024313105B9F68D919C911197892B21F510
S11305F04115510559F471938D919C911197892B53
S113060019F441E050E002C042E050E087E0C8162F
S1130610D10424F44130510509F071930894C11CAC
S1130620D11C129688E0C816D10409F0A5CF413038
S1130630510531F4719304C04130510539F7E4CFC9
S113064011920A191B09CF01801B910BDF91CF91E5
S11306501F910F91FF90EF90DF90CF90BF90AF90DC
S11306609F908F907F906F900895DC018C918370A0
S1130670823021F4FD012181328113C0833019F0CD
S113068020E030E00EC0FD01319620E030E0AD0105
S1130690475F5F4F81919191280F391FE417F50748
S11306A0C9F7C9010895EF92FF920F931F93FB01BD
S11306B0BC01882799272F2F3E2F44275527A901AE
S11306C033272227E72EF62E002711272E293F292C
S11306D0402B512BCA01B9011F910F91FF90EF904C
S11306E008959C01DB01FC0104C08D91819341506C
S11306F0504041155105C9F7C90108958F929F9241
S1130700AF92BF92CF92DF92EF92FF920F931F931B
S1130710CF93DF936C014B01892B09F4A3C06115BE
S1130720710509F49FC080E1EB0119928A95E9F7FC
S1130730D60160E070E090E046C02A3301F1822FD8
S113074080538A3030F4332727FD309520533040CE
S11307500EC0422F552747FD50952154263020F4D2
S11307609A012753304003C09A012755304044E092
S1130770660F771F4A95E1F7622B732B0DC0E92FA3
S1130780FF27EE0FFF1FE80DF91D072F162F11830A
S113079000839F5F60E070E0FD013196ED012981E7
S11307A0222359F4E92FFF27EE0FFF1FE80DF91D4F
S11307B0E72EF62EF182E08255C08C918A3311F433
S11307C02A3341F0DF012C91222309F0B6CFFD0139
S11307D001C0319680818823E1F7DF01119760E041
S11307E070E017E090E03BC02C912A3311F1822F86
S11307F080538A3030F4332727FD3095205330401E
S11308000EC0422F552747FD50952154263020F421
S11308109A012753304003C09A0127553040092ECE
S113082002C0220F331F0A94E2F7622B732B9C5FE2
S11308300EC0E12FFF27EE0FFF1FE80DF91DA72EB5
S1130840B62EB182A082115060E070E090E0119762
S1130850FD0181818A3319F48C918A3319F0CA1607
S1130860DB0610F2DF91CF911F910F91FF90EF9073
S1130870DF90CF90BF90AF909F908F900895FC0130
S11308807183608353834283358324830895CF9295
S1130890DF92EF92FF920F931F93CF93DF938C011C
S11308A06B01EE24FF241AC0F80182819381E89E33
S11308B0E001E99ED00DF89ED00D11248081918134
S11308C0C80FD91FCE01F6010995FFEF8F3F9F078F
S11308D059F0019759F00894E11CF11CF801848146
S11308E09581E816F90600F3C0E0D0E0CE01DF916F
S11308F0CF911F910F91FF90EF90DF90CF900895CB
S1130900EF92FF920F931F93CF93DF93EC017B0140
S113091000E010E012C08A819B819C01029FC0010B
S1130920039F900D129F900D112428813981820F0D
S1130930931FF70109950F5F1F4F8C819D81081745
S1130940190748F3DF91CF911F910F91FF90EF901A
S113095008958FB7F894992708958FBF0895982F15
S1130960969596959695E1EFF7E0E90FF11D87705E
S113097021E030E002C0220F331F8A95E2F7808124
S1130980822399270895282F9FB7F894E82FFF27EB
S1130990E851F84F80818F3F81F4E0910A08E21713
S11309A071F40BC02093020804C0FF27E851F84FEC
S11309B0208320930A0820E007C025E005C0809129
S11309C002088F3F91F7EECF892F99278FBF822F8F
S11309D09927089580910508882319F02FE150E0A4
S11309E002C058E02EE1622F7FB7F8948091ED07A2
S11309F08E7F8093ED0780917C00982F9F71829564
S1130A0086958695837019F080E090E00CC040E0F4
S1130A103327892F99272817390709F041E081E006
S1130A204827842F9927982F9170990F8091ED076B
S1130A308178262F2F71422F440F440F892B842B4A
S1130A408093ED07332720937C00583059F580912B
S1130A5003089091040821E08638920718F087E093
S1130A6090E01FC0833C910518F086E090E019C027
S1130A708136910518F085E090E013C0803391052C
S1130A8018F084E090E00DC08831910518F083E0FF
S1130A9090E007C00C9718F082E090E002C080E07C
S1130AA090E0582F5770887D852B886D9927809307
S1130AB07A00872F99278FBF08952FB7F89433278B
S1130AC08091FD078093000283E0809303022FBF8F
S1130AD080910002882339F481E08093F00710921A
S1130AE005080E94EA0408957FB7F8946091B20063
S1130AF02091E4073091E5074091E6075091E7071C
S1130B00B99B11C08091B3009091B200280F311DA0
S1130B10411D511D2F5F3F4F4F4F5F4F290F311D17
S1130B20411D511D04C0260F311D411D511D872F2C
S1130B3099278FBFCA01B9010895DF92EF92FF92FE
S1130B400F931F938FB7F894282F3327D22E9091A9
S1130B50B3008091B20047B3981711F041FF02C06F
S1130B602FBF6FC08091EF078823D1F10E947405D5
S1130B70E090E007F090E1070091E2071091E307AD
S1130B8020910608309107084091080850910908FF
S1130B906E197F09800B910B621773078407950701
S1130BA028F01092EF0786EE71E01CC02E0D3F1D59
S1130BB0401F511F8091E4079091E507A091E6073B
S1130BC0B091E707281B390B4A0B5B0B273E310515
S1130BD04105510528F4822F223018F482E001C027
S1130BE086EE70E0682F61508091B60083FDFCCFE3
S1130BF08091B200681709F46F5F2091E407309187
S1130C00E5074091E6075091E707DA01C90101962B
S1130C10A11DB11D860F911DA11DB11D8217930742
S1130C20A407B50710F4622F60958091B60083FD88
S1130C30FCCF6093B300DFBE772319F080E00E94FD
S1130C40C3041F910F91FF90EF90DF900895AFB709
S1130C50F894BB27E1E0E093EF076093E00770931B
S1130C60E1078093E2079093E3072093060830930B
S1130C7007084093080850930908AFBF0E949D05D8
S1130C8008951F920F920FB60F9211248F938091A3
S1130C90B0008093B0008091B60081FDFCCF8F91AD
S1130CA00F900FBE0F901F9018951F920F920FB6C2
S1130CB00F9211242F933F934F935F936F937F93DE
S1130CC08F939F93AF93BF93EF93FF9340917800DB
S1130CD05091790078948FB7F89499272091ED0773
S1130CE0322F3695317021708FBF222329F58091E0
S1130CF07A00877F80937A008091F007813021F019
S1130D00823009F043C00AC0332351F05093FC07EA
S1130D104093FB0783E00E94C30438C0332349F4A3
S1130D208DE790E0019701960197E1F70E94EA04AC
S1130D302DC01092F0072AC08FB7F89499278FBF5F
S1130D402FB7F894332780917A00582F5770482F83
S1130D504072987D942B952B8074977B982B90618F
S1130D609F77892F992780937A00887D842B852B00
S1130D7087738061992780937A00887D842B852BE3
S1130D80877B8069992780937A002FBFFF91EF9129
S1130D90BF91AF919F918F917F916F915F914F918F
S1130DA03F912F910F900FBE0F901F9018951F9297
S1130DB00F920FB60F9211242F933F934F935F938B
S1130DC06F937F938F939F93AF93BF93EF93FF930F
S1130DD08091B0008093B0008091B60081FDFCCF7B
S1130DE08091B30099270196AA27BB272091E40795
S1130DF03091E5074091E6075091E707280F391F26
S1130E004A1F5B1F2093E4073093E5074093E607EE
S1130E105093E70778940E949D05FF91EF91BF914D
S1130E20AF919F918F917F916F915F914F913F917E
S1130E302F910F900FBE0F901F901895CF92DF92B5
S1130E40EF92FF920F931F93CF93DF931092F007CB
S1130E50C090FB07D090FC0780910508882309F017
S1130E606AC08FB7F894E82E80910302833009F0AA
S1130E7040C0809100028823E1F58091F107882326
S1130E8009F053C047C0EF2DE695E695E695FF2798
S1130E904F2D5527EF50F84F9A012770307081E09D
S1130EA090E002C0880F991F2A95E2F7809520816F
S1130EB028232083C093020211C02196C130D1059A
S1130EC011F4C0E0D0E0FC2E8C2F0E94AF048823E4
S1130ED0D1F6C017D10789F74FEF50E04093FD07D3
S1130EE08FEF8093000281E08093030282E00E94EE
S1130EF0C304EFBEC2FE02C0109801C0109AC1FE26
S1130F0002C0119801C0119AC0FE02C0129813C009
S1130F10129A11C081E08093000210920302809122
S1130F207A008F7780937A00E4CF80910202082FB1
S1130F301127E801C2CFDF91CF911F910F91FF904C
S1130F40EF90DF90CF900895EF92FF920F931F934D
S1130F50E091FA07E1FF6FC02091F2073091F307A7
S1130F604091F4075091F507E090F607F090F707E9
S1130F700091F8071091F907621B730B840B950B12
S1130F806E157F058007910708F455C0E0FF04C083
S1130F90ED7FE093FA070CC02E0D3F1D401F511F3B
S1130FA02093F2073093F3074093F4075093F50727
S1130FB08FB7F894082F112780910302882361F5D5
S1130FC081E0809303021092FD070FBF2FB7F894BE
S1130FD0332780917A00806880937A002FBF8FB77F
S1130FE0F894082F1127902F80910002813091F4FA
S1130FF080910302813021F482E00E94C3041AC06C
S1131000823041F48091FD078093000283E0809355
S1131010030210C09FBF0FC08091FD07882351F0C9
S113102080E00E94AF04882329F48091F107816055
S11310308093F1070FBF81E00E94C3041F910F91B9
S1131040FF90EF900895EF92FF920F931F930E94E9
S113105074057B018C018FB7F89499271092EF07E0
S11310608FBF8091FA0781FF3DC08091F207909174
S1131070F307A091F407B091F507A8019701281B85
S1131080390B4A0B5B0BDA01C9012091F607309149
S1131090F7074091F8075091F907281B390B4A0BC1
S11310A05B0B2F3F8FEF38078FEF48078FE7580709
S11310B0C9F012161306140615062CF0C801B70160
S11310C00E94A4070FC02093FE073093FF074093AC
S11310D000085093010881E08093EC07C801B70130
S11310E00E9427061F910F91FF90EF900895EF92B1
S11310F0FF920F931F938091EC07882361F5209151
S1131100FE073091FF074091000850910108EFB7A6
S1131110F894FF276091E0077091E1078091E2075E
S11311209091E307E0900608F09007080091080802
S1131130109109086E0D7F1D801F911FEFBF209332
S1131140FE073093FF074093000850930108109264
S1131150EC070E9427060E9474050E94A4071F91B1
S11311600F91FF90EF900895809102088F3F39F11D
S1131170282F3327F901E851F84F80818093020822
S11311808F3F11F480930A088FEF80832F3FB9F0CB
S1131190213051F0213028F0223049F0233051F031
S11311A00BC00E94770808C00E94230805C00E9453
S11311B05D0502C00E941E0781E090E0089580E072
S11311C090E008951F931FB7F89414BE88E10FB6FA
S11311D0F89480936000109260000FBE44E050E0E9
S11311E06FEF70E088EE97E00E943A0A8FEF8093E9
S11311F0020880930A0881E08093810080E2809352
S1131200B60083E08093B1008091840090918500C2
S11312104AE720918400309185002817390708F4A3
S11312204150442311F0C901F4CF9091B200809150
S1131230B2008917E1F320918400309185009091E8
S1131240B2008091B2008917E1F3809184009091FB
S11312508500821B930B409625E0969587952A95E9
S1131260E1F790930408809303081092B1008091F1
S1131270B10080938100809181008093B600109228
S1131280B20010928500109284008FEF87BB87B361
S113129086BB8091B6008571E1F70A9A099A089A8B
S11312A0129A119A109A18B88FEF87B90C9814985B
S11312B010927A000E94B4088823E1F71092F10793
S11312C08091B60080628093B6008091B60081FD63
S11312D0FCCF82E08093B0008091B60080FDFCCF0B
S11312E083E08093B1008091B60083FDFCCF86EE4D
S11312F08093B300809170008260809370000E949C
S11313009D050E94B4088823E1F7812F99278FBF98
S113131078940E9474056093F2077093F3078093A6
S1131320F4079093F50784E690E0A0E0B0E08093A2
S1131330F6079093F707A093F807B093F907809105
S1131340FA078E7F82608093FA0781E00E94C304CB
S11313508FB7F894482F552757C08091700099276C
S113136083709070892B19F4E5E0F0E014C080914B
S1131370B6008A71E1F78091B3009091B200891BA5
S11313808C3038F08091B200853F18F4E3E0F0E04F
S113139002C0E2E0F0E080916E00867009F5809171
S11313A06F008E72E9F4809171008E72C9F40CB4EE
S11313B007FC16C08091C100887191F48091C90026
S11313C0887171F48091BC0082FD0AC080917A001A
S11313D087FF03C081E090E005C085E090E002C093
S11313E080E090E023B78E1708F4E82FFF27E4533A
S11313F0FF4FE491207F2160E22BE3BF789488952E
S1131400F89483B78E7F83BF809102088F3F09F4DD
S1131410A4CF282F3327F901E851F84F8081809316
S113142002088F3F11F480930A088FEF80832F3FC7
S113143009F493CF4FBF213059F0213030F02230DE
S113144051F0233009F084CF09C00E94770880CF7F
S11314500E9423087DCF0E945D057ACF0E941E075B
S113146077CFFB01DC0102C001900D924150504046
S1131470D8F70895DC0101C06D9341505040E0F766
S10714800895FFCFF9
S1051484010061
S9030000FC
