S01700006275696C642F697269732F6D61696E2E7372656343
S11300000C9485010C94A4010C94A4010C94A401F7
S11300100C94A4010C94A4010C94A4010C94A401C8
S11300200C94A4010C94A4010C94A4010C94A401B8
S11300300C94A4010C9452130C94A4010C94D00DB0
S11300400C94BE1E0C94F41E0C94090F0C94140F03
S11300500C941F0F0C94A4010C94A4010C94A401FF
S11300600C94660E0C940A110C94A4010C948D113A
S11300700C94A4010C94E40D0C94A4010C94E412CB
S11300800C94C3120C94CE120C94D9120C94F71243
S11300900C94A6120C94A4010C94B8120C94A40110
S11300A00C94A4010C94A4010C94A4010C94A40138
S11300B00C94A4010C94A4010C94A4010C94A40128
S11300C00C94A4010C94A4010C94A40112292C29CD
S11300D05F29BA29D429412A652AE82A292B752BB4
S11300E0782B1F2C832B972B262CFF284B2D592D37
S11300F0932E712F5330B030B230BD30E630082922
S113010031313F3100002110422063308440A5503A
S1130110C660E770088129914AA16BB18CC1ADD149
S1130120CEE1EFF13112100273325222B5529442F1
S1130130F772D662399318837BB35AA3BDD39CC399
S1130140FFF3DEE36224433420040114E664C7743D
S1130150A44485546AA54BB528850995EEE5CFF5E9
S1130160ACC58DD55336722611163006D776F66691
S11301709556B4465BB77AA719973887DFF7FEE739
S11301809DD7BCC7C448E5588668A778400861185D
S113019002282338CCC9EDD98EE9AFF94889699989
S11301A00AA92BB9F55AD44AB77A966A711A500A31
S11301B0333A122AFDDBDCCBBFFB9EEB799B588BD9
S11301C03BBB1AABA66C877CE44CC55C222C033C7D
S11301D0600C411CAEED8FFDECCDCDDD2AAD0BBD29
S11301E0688D499D977EB66ED55EF44E133E322ED1
S11301F0511E700E9FFFBEEFDDDFFCCF1BBF3AAF79
S1130200599F788F8891A981CAB1EBA10CD12DC1D6
S11302104EF16FE18010A100C230E320045025406C
S113022046706760B9839893FBA3DAB33DC31CD3CC
S11302307FE35EF3B1029012F322D23235421452BC
S113024077625672EAB5CBA5A89589856EF54FE518
S11302502CD50DC5E234C324A0148104667447640C
S113026024540544DBA7FAB79987B8975FE77EF76C
S11302701DC73CD7D326F2369106B016576676765C
S1130280154634564CD96DC90EF92FE9C899E98938
S11302908AB9ABA94458654806782768C018E108AC
S11302A08238A3287DCB5CDB3FEB1EFBF98BD89B0C
S11302B0BBAB9ABB754A545A376A167AF10AD01AFC
S11302C0B32A923A2EFD0FED6CDD4DCDAABD8BAD58
S11302D0E89DC98D267C076C645C454CA23C832C4C
S11302E0E01CC10C1FEF3EFF5DCF7CDF9BAFBABFAC
S11302F0D98FF89F176E367E554E745E932EB23E9C
S1130300D10EF01E00020E060C0411241FBECFEF06
S1130310D1E2DEBFCDBF12E0A0E0B2E0E6E4FEE64B
S113032000E00BBF02C007900D92AA31B107D9F7C4
S113033017E2AAE1B2E001C01D92A132B107E1F7D0
S11303400E94D3310C9422370C940000FC0120E06D
S113035030E007C082819381280F391F0480F58122
S1130360E02D3097B9F7C9010895FB01518340830B
S113037033832283958384830895CF92DF92EF920F
S1130380FF920F931F93CF93DF938C01FB017A01AC
S1130390690105C0E81BF90BE8010C811D81E80126
S11303A08A819B81E817F907A8F71CC0E8018A81B4
S11303B09B818E1B9F0BE7018E159F0508F4EC01B2
S11303C0D8018D919C91AE01B6018E0F9F1F0E94A2
S11303D01237CC0EDD1EEC1AFD0AE8010C811D81DA
S11303E0E0E0F0E00115110519F01E141F04F4F209
S11303F080E090E0DF91CF911F910F91FF90EF90FB
S1130400DF90CF9008954F925F926F927F928F9278
S11304109F92AF92BF92CF92DF92EF92FF920F938F
S11304201F93CF93DF938C014B015A013901CC24E4
S1130430DD2404C06C01F801048115810115110546
S113044019F44424552436C0F801828193818C0D1B
S11304509D1D8816990670F74424552428C07401FC
S1130460EC18FD08F801828193818E199F09E5013A
S11304708A159B0508F4EC01F801608171816E0D09
S11304807F1DAE01C3010E9412374C0E5D1EF801A0
S1130490048115810115110569F0CE0CDF1CCC0E09
S11304A0DD1E8C0E9D1EAC1ABD0A6C0E7D1E1A1428
S11304B01B04ACF2C201DF91CF911F910F91FF9009
S11304C0EF90DF90CF90BF90AF909F908F907F90F0
S11304D06F905F904F900895EF92FF920F931F9348
S11304E0CF93DF93FC0120E030E040E050E0A0E057
S11304F0B0E02EC0628173816115710531F1C08154
S1130500D18100E010E01EC0888100FD0BC0992756
S1130510982F8827A82BB92BC8010196861797070F
S113052071F403C09927A82BB92B7D01C701AA2711
S1130530BB27280F391F4A1F5B1FA0E0B0E00F5FE5
S11305401F4F219606171707F9F60480F581E02D51
S1130550309781F60BC0DA01C901A070B0709A011E
S113056044275527280F391F4A1F5B1F203080E07E
S1130570380781E0480780E0580768F7C90180958B
S11305809095DF91CF911F910F91FF90EF90089577
S1130590EF92FF920F931F93CF93DF93CDB7DEB704
S11305A06A970FB6F894DEBF0FBECDBFE42E08964F
S11305B09A87898740E150E05C874B879E01215FE1
S11305C03F4F3E872D874096988B8F875A8B498B58
S11305D0CE0145969C8B8B8BCE0101969E8B8D8B89
S11305E088E090E0988F8F8B7A8F698FCB010E947F
S11305F0A601AA2797FDA095BA2FBC01CD010E94A0
S11306006F0469837A838B839C83FF2400271127DB
S1130610C801B7010E946F046D837E838F8398871E
S1130620CE0109960E946C026A960FB6F894DEBF5A
S11306300FBECDBFDF91CF911F910F91FF90EF902F
S113064008958CED95E09093500280934F020895A5
S1130650AFE4B2E004969C0121703070280F391F7A
S113066002C0A40FB51F8D919C911197AC015F70CE
S11306704217530710F097FF06C0CD018F549240E4
S11306808C5D954074F388E0AB32B80718F080E0D5
S113069090E00895C90102979C013F70306811965B
S11306A03C932E93FD01E80FF91F481B590B5F7013
S11306B051834083CD0102960895CF93DF939C012B
S11306C0EFE4F2E0C0E0D0E006C0808191819F7049
S11306D0EF01E80FF91FCF0102968217930739F053
S11306E0CF018F5492408C5D95407CF327C080816C
S11306F091819C013F70DF01A20FB31F9F7791830B
S11307008083CD018F5492408C5D95404CF48D9143
S11307109C9197FD05C09F70280F391F318320835A
S1130720209761F02881398137FD08C03F708081AE
S113073091819F70280F391F39832883DF91CF91CE
S11307400895EFE4F2E040E050E00BC020813181F5
S113075037FD04C0C9019F70480F591F3F70E20F55
S1130760F31FCF018F5492408C5D95407CF3CA01F6
S113077008956F927F928F929F92AF92BF92CF9281
S1130780DF92EF92FF920F931F93CF93DF93FB01BE
S11307905A018B01040F151FDC01CC24DD2440E039
S11307A050E07AE398EF692E9FEF792E600E711E68
S11307B06E167F0608F460C0ED01E980FC9024E029
S11307C030E08FEF882E982ECCE0D0E0C401022ECA
S11307D002C0969587950A94E2F78E159F0530F02E
S11307E042305105B1F42031310599F4C7010C2E82
S11307F002C0969587950A94E2F7682F6F708F7000
S113080090700A9718F4862F805D02C0862F895A4B
S113081081932C5F3F4F249724313105B9F68D9194
S11308209C911197892B21F54115510559F4719328
S11308308D919C911197892B19F441E050E002C0ED
S113084042E050E087E0C816D10424F44130510559
S113085009F071930894C11CD11C129688E0C81643
S1130860D10409F0A5CF4130510531F4719304C08E
S11308704130510539F7E4CF11920A191B09CF0110
S1130880801B910BDF91CF911F910F91FF90EF90FF
S1130890DF90CF90BF90AF909F908F907F906F909C
S11308A00895DC018C918370823021F4FD01218153
S11308B0328113C0833019F020E030E00EC0FD0116
S11308C0319620E030E0AD01475F5F4F8191919117
S11308D0280F391FE417F507C9F7C9010895EF92E6
S11308E0FF920F931F93FB01BC01882799272F2F99
S11308F03E2F44275527A90133272227E72EF62E1A
S1130900002711272E293F29402B512BCA01B90159
S11309101F910F91FF90EF9008959C01DB01FC0162
S113092004C08D9181934150504041155105C9F740
S1130930C90108958F929F92AF92BF92CF92DF9296
S1130940EF92FF920F931F93CF93DF936C014B01B0
S1130950892B09F4A3C06115710509F49FC080E1D6
S1130960EB0119928A95E9F7D60160E070E090E016
S113097046C02A3301F1822F80538A3030F4332762
S113098027FD3095205330400EC0422F552747FD98
S113099050952154263020F49A012753304003C047
S11309A09A012755304044E0660F771F4A95E1F7D6
S11309B0622B732B0DC0E92FFF27EE0FFF1FE80DED
S11309C0F91D072F162F118300839F5F60E070E0ED
S11309D0FD013196ED012981222359F4E92FFF27E6
S11309E0EE0FFF1FE80DF91DE72EF62EF182E082CF
S11309F055C08C918A3311F42A3341F0DF012C91D4
S1130A00222309F0B6CFFD0101C0319680818823ED
S1130A10E1F7DF01119760E070E017E090E03BC080
S1130A202C912A3311F1822F80538A3030F43327EA
S1130A3027FD3095205330400EC0422F552747FDE7
S1130A4050952154263020F49A012753304003C096
S1130A509A0127553040092E02C0220F331F0A94F1
S1130A60E2F7622B732B9C5F0EC0E12FFF27EE0F82
S1130A70FF1FE80DF91DA72EB62EB182A0821150DA
S1130A8060E070E090E01197FD0181818A3319F4F0
S1130A908C918A3319F0CA16DB0610F2DF91CF91DC
S1130AA01F910F91FF90EF90DF90CF90BF90AF9088
S1130AB09F908F900895FC017183608353834283D8
S1130AC0358324830895CF92DF92EF92FF920F93A0
S1130AD01F93CF93DF938C016B01EE24FF241AC084
S1130AE0F80182819381E89EE001E99ED00DF89E91
S1130AF0D00D112480819181C80FD91FCE01F60138
S1130B000995FFEF8F3F9F0759F0019759F008941B
S1130B10E11CF11CF80184819581E816F90600F3C3
S1130B20C0E0D0E0CE01DF91CF911F910F91FF90F3
S1130B30EF90DF90CF900895EF92FF920F931F9361
S1130B40CF93DF93EC017B0100E010E012C08A81B7
S1130B509B819C01029FC001039F900D129F900DE9
S1130B60112428813981820F931FF70109950F5FA2
S1130B701F4F8C819D810817190748F3DF91CF918E
S1130B801F910F91FF90EF9008958FB7F8949927D4
S1130B9008958FBF0895282F9FB7F894E82FFF2753
S1130BA0E059F74F80818F3F81F4E091FC26E217F2
S1130BB071F40BC02093651F04C0FF27E059F74F61
S1130BC020832093FC2620E007C025E005C0809107
S1130BD0651F8F3F91F7EECF892F99278FBF822F03
S1130BE0992708951F931FB7F8948091B021882303
S1130BF041F483E10E94CB05882319F481E08093BA
S1130C00B021812F99278FBF1F910895382FFA01A2
S1130C10422F213718F082E090E008956683872FF1
S1130C2099278583338721878091300290913102FF
S1130C30892B19F085E090E008952FB7F8943327B5
S1130C4085E08093330210923402F0932F02E093F4
S1130C502E0282E090E09093310280933002109251
S1130C60360210923502445F409332022FBF8FB791
S1130C70F894282F332780910B188A3011F42FBF52
S1130C8019C02FBF9FB7F8948091AE09882311F043
S1130C9020E006C081E08093AE091092AF0921E004
S1130CA0892F99278FBF222329F00E94F20580E023
S1130CB090E00895109231021092300281E090E0A9
S1130CC00895CF93DF93582FDB01823018F081E031
S1130CD090E038C0C82FDD27CC0FDD1FC652D14E9F
S1130CE088819981892B19F085E090E02BC0798364
S1130CF068839B012B5F3F4FF90144838091190264
S1130D00823018F480E090E01DC0F9018681FB0177
S1130D1065817727762F6627F90121813327622B96
S1130D20732B50931902242FAD010E9406069927B4
S1130D30282F882329F082E08093190219821882CF
S1130D40822F9927DF91CF91089580914002E82F57
S1130D50FF27EE0FFF1FE75CF54F0190F081E02DB8
S1130D6020914202222351F08F5F8093400284310C
S1130D7011F410924002215020934202CF010895B1
S1130D80AC012091A108243118F081E090E008958D
S1130D9080911927682F620F712D711DFB01643139
S1130DA0710508F07497EE0FFF1FE15DF74F518353
S1130DB040832F5F2093A10880E090E0089512986B
S1130DC01198109880918D0B8D7F80938D0B0895D1
S1130DD0AC012091A9082A3018F081E090E0089530
S1130DE080916708682F620F712D711DFB016A30B5
S1130DF0710508F03A97EE0FFF1FE259F04E518348
S1130E0040832F5F2093A90880E090E0089520910B
S1130E10A108222319F440E050E016C0809119275C
S1130E20E82FFF27EE0FFF1FE15DF74F408151814F
S1130E301182108221502093A1088F5F809319277B
S1130E40843111F410921927CA010895AC0120913C
S1130E504202243118F081E090E00895809141022B
S1130E60E82FFF27EE0FFF1FE75CF54F5183408308
S1130E708F5F80934102843111F4109241022F5FFD
S1130E802093420280E090E00895EF920F931F9325
S1130E90AE2D99E0899FF0011124EB57F44F408364
S1130EA05183628373830483158326833783A170FC
S1130EB080858E7F8A2B8260808782E00E94CB05AA
S1130EC01F910F91EF9008957FB7F8946091B2004D
S1130ED020916B0830916C0840916D0850916E0818
S1130EE0B99B11C08091B3009091B200280F311DBD
S1130EF0411D511D2F5F3F4F4F4F5F4F290F311D34
S1130F00411D511D04C0260F311D411D511D872F48
S1130F1099278FBFCA01B901089580910B188A30AF
S1130F2021F480910509843021F081E080932B0223
S1130F30089585E10E94CB0510922B0208952FB7E6
S1130F40F89433278093C600E0ECF0E0808180645D
S1130F5080832FBF0895FC016115710519F481E0A8
S1130F6090E008958091A9099091AA09892B19F01C
S1130F7085E090E008957093CA1E6093C91EF093B3
S1130F80AA09E093A90910928E0910928D0981E0B3
S1130F9080938F098091C00080648093C000809109
S1130FA0C10080648093C100808121E030E03093EF
S1130FB08E0920938D090E949F0780E090E0089598
S1130FC08FB7F894992720913C022E7F20933C02FE
S1130FD02EE720938C088FBF61E070E08CE898E0E6
S1130FE00E94AB0799270895AC01E5E1FBE080E09E
S1130FF090E09C01858180FF05C0808191818417E8
S1131000950741F0C90101963B968A30910589F70D
S11310102FEF30E0C90108950E94F4078F3F91F04B
S113102099272BE030E0829FF001839FF00D929F7F
S1131030F00D1124EB5EF44F858181FF03C087819D
S1131040908508958FEF9FEF08950E94F4078F3FD6
S113105019F481E090E00895282F33278BE090E085
S1131060289FF001299FF00D389FF00D1124EB5EAD
S1131070F44F85818860858380E090E008952F9205
S11310803F924F925F926F927F928F929F92AF9214
S1131090BF92CF92DF92EF92FF920F931F93CF9361
S11310A0DF93CDB7DEB729970FB6F894DEBF0FBE36
S11310B0CDBF6FB76983F894209096093090970953
S11310C040909809509099096624772488248EE4E6
S11310D0A82E03E8B02ECC24DD24EE24FF2400E067
S11310E010E0222D332D442D552D662D772D882D7E
S11310F090E00E94E6342A833B834C835D836E83B5
S11311007F8388879987822E932EA42EB52E24015F
S1131110350100E20E94E435A22EB32EC42ED52E52
S1131120A301920156954795379527952A0D3B1DA6
S11311304C1D5D1D57FF05C05F772F5F3F4F4F4F1D
S11311405F4F2093960930939709409398095093E1
S11311509909E9818E2F99278FBFCA01B901299670
S11311600FB6F894DEBF0FBECDBFDF91CF911F91B4
S11311700F91FF90EF90DF90CF90BF90AF909F9032
S11311808F907F906F905F904F903F902F90089535
S1131190AF92BF92CF92DF92EF92FF920F931F9381
S11311A0F82E5A016B010E946407AB01BC0191E067
S11311B0E92E960185018F2D0E9445071F910F91FD
S11311C0FF90EF90DF90CF90BF90AF90089561377C
S11311D018F080E090E008950C96089568E00E946D
S11311E0E70808956E5F0E94E708009709F00296E9
S11311F008950B960895CF93DF93FC01DC011196BB
S11312002181662351F0ED0189819927982F882740
S113121033272062822B932B09C0ED018981992702
S1131220982F88273327822B932B8F7D8183892FB7
S113123099278983DF91CF910895FC012781308517
S1131240C90153E0880F991F5A95E1F7820F931F44
S1131250860F971F6AE070E00E949236708767835A
S11312600895FC0161859285662329F48AE0989F9C
S1131270B001112409C077278AE0989FC001112486
S11312800E94A63611861286CF010E941D09089578
S113129080912202E82FFF27EE0FFF1FE656F14E42
S11312A00190F081E02D20912402222351F08F5FE0
S11312B0809322028D3011F4109222022150209347
S11312C02402CF0108958FB7F894992722B134E00E
S11312D0232722B98FBF0895AC012091740A2C30C2
S11312E018F081E090E0089580919B09682F620FC7
S11312F0712D711DFB016C30710508F03C97EE0FE8
S1131300FF1FEC5EF74E518340832F5F2093740AD6
S113131080E090E00895AC012091730A2C3018F01D
S113132081E090E0089580910D20682F620F712D67
S1131330711DFB016C30710508F03C97EE0FFF1F27
S1131340E150F94D518340832F5F2093730A80E06D
S113135090E008950F931F93CF93DF93EC01892BB3
S1131360E9F02091C11E3091C21E8FEF2F3F380744
S1131370A9F080915908813019F4198218820BC0A0
S11313800091C31E1091C41EC9010E940C08080FCD
S1131390191F1983088380E090E002C081E090E087
S11313A0DF91CF911F910F910895FC0180818D50A1
S11313B099270895685F0E94E708009709F0089646
S11313C00895FC01635F60830895882319F08CB548
S11313D0806402C08CB58F7B8CBD08950F931F93DE
S11313E0982F1FB7F89480912002823099F580914C
S11313F00B02891779F58091090220E030E08F3FD4
S113140011F421E030E0232BF1F49FEF90930B02D1
S11314108F3F19F42FEF30E00DC0282F3327F90147
S1131420EC55F64F8081809309028F3F11F490931D
S11314300A0290832093A60981E0809320028DE024
S11314400E94CB0505C08FEF80930B0210922002FF
S113145001E001C000E0812F99278FBF1FB7F894E6
S113146080912002882311F40E94E509812F992795
S11314708FBF90E0013009F491E081E09827892F33
S113148099271F910F910895882319F08CB58068CE
S113149002C08CB58F778CBD08950F931F9380E0A5
S11314A00E94E5090FB7F8941127229A2398219AEC
S11314B0209A8CB580618CBD80E00E94440A8CB572
S11314C0877F8CBD8CB58B7F8CBD81E00E94E50944
S11314D08DB581608DBD8CB58C7F8CBD0FBF1F9188
S11314E00F9108958FB7F89420910D0B30910E0B46
S11314F040910F0B5091100BE0918400F091850006
S1131500B09B08C02F5F3F4F4F4F5F4FE091840067
S1131510F091850099278FBFC901772766279F011E
S113152044275527622B732B842B952B0895FC019C
S1131530EC57FF4F808182608083089580589F4FCD
S11315400895FC0182819927982F882721813327C8
S1131550822B932B25E0969587952A95E1F7817048
S113156090700895AC01EFB7F89420918400309105
S11315708500C901841B950B03968617970720F0F5
S1131580B9016D5F7F4F02C0640F751F611571054E
S113159011F461E070E061507040709389006093D1
S11315A0880082E086BB80916F00826080936F0028
S11315B08E2F99278FBF0895CF93DF93EC010E945C
S11315C0A10A882339F18A8129819927982F8827AC
S11315D03327822B932B87749C7C81549848D1F4B5
S11315E08F814E812FB7F894332760910302709155
S11315F004022FBF20E09927982F88275527842B92
S1131600952B8617970709F021E081E02827822F80
S1131610992702C080E090E0DF91CF91089521E006
S11316202093AB092093490D2091840030918500CB
S1131630BC01C9010E94B20A089580910309823055
S113164031F481E08093030988E00E94CB0508957A
S1131650EF92FF920F931F937C018FB7F894992711
S113166000911018109111180F5E1E4F109311184D
S113167000931018015111408FBF8AE00E94CB05DE
S1131680C801B7010E9492368A5D9E4F1F910F9147
S1131690FF90EF9008959BE0899FF0011124EB5E89
S11316A0F44F7183608312821382148285E08583F0
S11316B01682108617820895882349F0682F7727A9
S11316C084EC99E00E94A6366B3F710510F06FEF31
S11316D07FEFCB010895CF92DF92FF920F931F9378
S11316E0CF93DF93282F062F482F55278BE090E0C8
S11316F0489FE001499FD00D589FD00D1124CB5E27
S1131700D44F8D8182FF02C08B7F8D838A81302FDD
S1131710381B0A838B818F5F8B83332379F08C8111
S1131720830F81508C833B3048F068817981822F0C
S11317300E944B0B0A8381E08B836EC08BE090E0A8
S1131740489FF001499FF00D589FF00D1124EB5E66
S1131750F44F83812481820F912D911D03971CF4F2
S1131760333008F459C0C080D180C5E1DBE0888102
S113177099818C159D0509F049C08D81282F332747
S113178020FF44C06B81FC80F60E21FD16C0772734
S1131790882799272AEF30E040E050E00E9467361E
S11317A02F2D3327442755270E94B936DA01C90162
S11317B02E830E945C0B98878F838D8182608D833A
S11317C00E8189E0089F800111246B817727882787
S11317D099272AEF30E040E050E00E9467362F2D31
S11317E03327442755270E94B936C801820F911D1B
S11317F06AE070E00E94A636CB016E831B821C82D5
S11318000E945C0BBC01CE010E941D092B968BE04B
S1131810C338D80709F0ABCFDF91CF911F910F9157
S1131820FF90DF90CF90089580E090E0EAE1FBE044
S11318309C01808180FF08C0C90101963B968A30D3
S11318409105B1F72FEF30E0C9010895982FAFEF5C
S113185060E070E040E050E0EAE1FBE08081282FA6
S1131860332720FF0BC021FF09C023FD07C02281BD
S113187033812617370710F0A42FB9014F5F5F4F4C
S11318803B964A30510551F7892F992768177907F4
S113189018F48FEF90E008958A2F99270895AC01EA
S11318A0309169088FEF4F3F580711F020E012C0C4
S11318B0832F99270895E22FFF2773E0EE0FFF1F70
S11318C07A95E1F7E555F74F808191818417950763
S11318D019F02F5F231779F7822F992708951F9303
S11318E0CF93DF93162FC0E0D0E06EE60E94F2089B
S11318F0FC0180818123811711F4C1E0D0E0CE0185
S1131900DF91CF911F910895AC01209124022D30D5
S113191018F081E090E0089580912302E82FFF27DA
S1131920EE0FFF1FE656F14E518340838F5F809385
S113193023028D3011F4109223022F5F209324028E
S113194080E090E00895982F969596959695E4E812
S1131950FBE0E90FF11D877021E030E002C0220FA7
S1131960331F8A95E2F78081822399270895809115
S1131970821F882319F02FE150E002C058E02EE1C5
S1131980622F7FB7F8948091A3088E7F8093A30879
S113199080917C00982F9F7182958695869583709F
S11319A019F080E090E00CC040E03327892F99279C
S11319B02817390709F041E081E04827842F992747
S11319C0982F9170990F8091A3088178262F2F71F9
S11319D0422F440F440F892B842B8093A308332771
S11319E020937C00583059F58091661F9091671FB1
S11319F021E08638920718F087E090E01FC0833C0E
S1131A00910518F086E090E019C08136910518F030
S1131A1085E090E013C08033910518F084E090E0F5
S1131A200DC08831910518F083E090E007C00C9751
S1131A3018F082E090E002C080E090E0582F5770E8
S1131A40887D852B886D992780937A00872F992725
S1131A508FBF0895DF92EF92FF920F931F938FB77A
S1131A60F894282F3327D22E9091B3008091B2009E
S1131A7047B3981711F041FF02C02FBF71C0809186
S1131A8091098823E1F10E946407E0906008F090D6
S1131A906108009162081091630820910E20309132
S1131AA00F2040911020509111206E197F09800B56
S1131AB0910B621773078407950720F01092910920
S1131AC071E01EC02E0D3F1D401F511F80916B08F9
S1131AD090916C08A0916D08B0916E08281B390B89
S1131AE04A0B5B0B273E31054105510540F4822F1B
S1131AF0223010F070E005C070E082E002C070E0B7
S1131B0086EE682F61508091B60083FDFCCF8091F2
S1131B10B200681709F46F5F20916B0830916C086C
S1131B2040916D0850916E08DA01C9010196A11D1A
S1131B30B11D860F911DA11DB11D82179307A40726
S1131B40B50710F4622F60958091B60083FDFCCF39
S1131B506093B300DFBE772319F081E00E94CB05C8
S1131B601F910F91FF90EF90DF900895AFB7F89415
S1131B70BB27E1E0E09391096093600870936108EA
S1131B80809362089093630820930E2030930F2073
S1131B904093102050931120AFBF0E942A0D089546
S1131BA01F920F920FB60F9211248F938091B00061
S1131BB08093B0008091B60081FDFCCF8F910F908F
S1131BC00FBE0F901F9018951F920F920FB60F9291
S1131BD011242F933F934F935F936F937F938F932E
S1131BE09F93AF93BF93EF93FF93409178005091ED
S1131BF0790078948FB7F89499272091A308322F0D
S1131C003695317021708FBF222329F580917A0097
S1131C10877F80937A008091370A813021F0823067
S1131C2009F043C00AC0332351F050930A1840937B
S1131C30091884E00E94CB0538C0332349F48DE7AA
S1131C4090E0019701960197E1F70E94B70C2DC02F
S1131C501092370A2AC08FB7F89499278FBF2FB7ED
S1131C60F894332780917A00582F5770482F407288
S1131C70987D942B952B8074977B982B90619F77FC
S1131C80892F992780937A00887D842B852B8773ED
S1131C908061992780937A00887D842B852B877BAC
S1131CA08069992780937A002FBFFF91EF91BF91AC
S1131CB0AF919F918F917F916F915F914F913F91E0
S1131CC02F910F900FBE0F901F9018951F920F9297
S1131CD00FB60F9211240F931F932F933F934F939B
S1131CE05F936F937F938F939F93AF93BF93CF93A0
S1131CF0DF93EF93FF932EB5E091C00CF091C10CEC
S1131D00309739F08091050B9091060BE80FF91F7D
S1131D1020838091050B9091060B01969093060BFE
S1131D208093050B80E00E94440AC091050BD0917A
S1131D30060B20912D0830912E08C217D30708F006
S1131D4042C00091AB211091AC214091C00C509144
S1131D50C10CCE010A962817390708F4C901DA0123
S1131D60AC0FBD1FF801EC0FFD1F9C01215030404A
S1131D7015C00115110531F080818EBD0DB407FE2B
S1131D80FDCF04C01EBC0DB407FEFDCF8EB54115BA
S1131D90510509F08C93219611963196C217D307F9
S1131DA040F381E00E94440A0115110531F00C0F43
S1131DB01D1FF80180818EBD01C01EBCD093060B8F
S1131DC0C093050B11C01092C10C1092C00C10925C
S1131DD0AC211092AB2110922E0810922D08109273
S1131DE0060B1092050B8EB5FF91EF91DF91CF9109
S1131DF0BF91AF919F918F917F916F915F914F911F
S1131E003F912F911F910F910F900FBE0F901F9034
S1131E10189578941F920F920FB60F9211240F9079
S1131E200FBE0F901F90189578941F920F920FB6C3
S1131E300F9211240F900FBE0F901F901895789455
S1131E401F920F920FB60F9211242F933F938F93EB
S1131E509F93AF93BF932FB7F894332780910D0BC3
S1131E6090910E0BA0910F0BB091100B0196A11D38
S1131E70B11D80930D0B90930E0BA0930F0BB09399
S1131E80100B2FBFBF91AF919F918F913F912F91D5
S1131E900F900FBE0F901F901895E4E0F1E06927B2
S1131EA0660FF11DE60FF11DC895982F802D319610
S1131EB0C89590250895982F80913702882389F535
S1131EC0992379F531E0309337028091120280939F
S1131ED0380220912C02822F8170809368088091AF
S1131EE017029091180290933A02809339028091DC
S1131EF02D0280933B0232273170267EE32FFF2789
S1131F00EE0FFF1FED5EFD4F8081918190931802CB
S1131F1080931702232B20932C0288E10E94CB0587
S1131F20089580912C0280FF02C08B7F01C08D7FB9
S1131F3080932C0208950F931F93082F162F8091DE
S1131F4005098130D9F0813038F0823009F44AC073
S1131F50833009F028C159C0002309F458C11092F4
S1131F60BC1E1092BB1E109213181092D51E109214
S1131F7090091092120B1092110B39C1002309F031
S1131F8046C18091110B9091120B0E944D0F9093BA
S1131F90120B8093110B82E0809305091093D51ED8
S1131FA0143409F000C125C18695869503C080913B
S1131FB02C028695817009F0F6C080912C02992339
S1131FC011F0846001C0826080932C0280912C0205
S1131FD0877E886080932C0210922D028FEF80936D
S1131FE0120215C1002309F0DEC0609390098091AC
S1131FF0110B9091120B0E944D0F9093120B809332
S1132000110B83E08093050902C1809113188F3F5F
S113201009F4C9C0002309F461C0823008F4C3C0C4
S1132020E091BB1EEE2309F4EBC04E2F4150E42F88
S1132030FF27E554F14E82819927382F2227442324
S113204011F4E2E002C0E42FE150FF27E554F14E21
S113205082819927282B392B8091110B9091120B97
S11320602817390709F09FC080E00E945B0F309168
S113207090098091FD0A2091FE0A982F9F5F963067
S113208008F090E0921771F0E82FFF27E350F54F26
S113209032838F5F8093FD0A863010F01092FD0A20
S11320A00E94F2051092BC1E1092BB1E94E0909305
S11320B00509109213181092D51E109290091092CF
S11320C0120B1092110B80913C028D7F80933C0285
S11320D080912B02882309F49AC084C0823008F4CA
S11320E04EC0E091BC1EFF27E554F14E8281482F7B
S11320F05527342F20912C02822F8695869586951C
S1132100837099278130910519F00297F9F40EC074
S1132110277E206120932C02442311F485E001C022
S113212080E080932D023093120210C080912D0222
S1132130873860F4E0911702F0911802E80FF11D5E
S1132140408380912D028F5F80932D028091BC1E6D
S1132150E82FFF27E554F14E62818F5F8093BC1E08
S1132160833010F01092BC1E77278091110B909150
S1132170120B0E944D0F9093120B8093110B8091C0
S1132180BB1EE82FFF27E554F14E12838F5F809327
S1132190BB1E833010F01092BB1E809113188F5F0A
S11321A08093131834C01092BC1E1092BB1E14E00E
S11321B010930509109213181092D51E10929009CD
S11321C01092120B1092110B80913C028D7F809320
S11321D03C0281E00E945B0F80912B02882329F04E
S11321E0109305090E948D0712C0002381F081E03D
S11321F009CF80912C02982F917080FDD5CED7CE37
S11322008091BF1E9927382F222742E01CCF1F91AF
S11322100F9108951F920F920FB60F9211242F93CE
S11322203F934F935F936F937F938F939F93AF935A
S1132230BF93EF93FF938091C00087FF42C06091EA
S1132240C600E091130BF091140B309719F18091B3
S1132250AE219091AF21E80FF91F6083019690930E
S1132260AF218093AE2120911A2730911B2782172A
S1132270930738F11092140B1092130B8091D81716
S11322808330F9F08091C1008F778093C100109260
S1132290D81717C06E3719F460E081E010C0809140
S11322A03C026D3721F4826080933C020AC081FFB6
S11322B005C08D7F80933C0280E2682780E00E9405
S11322C09B0FFF91EF91BF91AF919F918F917F9160
S11322D06F915F914F913F912F910F900FBE0F908F
S11322E01F901895982F8D57823068F480913C0286
S11322F0816080933C0280E28927809312188DE7E5
S113230080938C0802C090938C0861E070E08CE8A4
S113231098E00E94AB079927089578941F920F9232
S11323200FB60F921124FF920F931F932F933F9395
S11323304F935F936F937F938F939F93AF93BF93C9
S1132340CF93DF93EF93FF9320918D0930918E0902
S11323508091C91E9091CA1E2817390780F4E09114
S1132360A909F091AA09E20FF31F80812F5F3F4F63
S113237030938E0920938D090E949F07D1C010923B
S1132380AA091092A90910928F098091C1008F7B2C
S11323908093C100FFB6F89480913C0280FF0EC088
S11323A08E7F80933C028091121880938C0861E0A8
S11323B070E08CE898E00E94AB07AFC080910B18E6
S11323C0843009F48CC0853040F4823021F18330AC
S11323D0B8F5813009F09CC00DC0863009F48DC079
S11323E0863008F483C0873009F48EC0883009F041
S11323F08FC091C08091A5090E947211082F83E0BB
S113240080930B186091A509809117279091182744
S11324100E944D0F10C080916D1F0E947211082FF1
S113242083E080930B1860916D1F80911727909122
S113243018270E944D0F909318278093172766C082
S1132440E091830BFF27EE0FFF1FE355F64F8081CA
S11324500E947211082F1091830BC12FDD27FE01FA
S1132460EE0FFF1FE355F64F60818091172790917F
S113247018270E944D0F90931827809317272091B7
S1132480A1092F5F2093A109113039F580913302FE
S1132490E0912E02F0912F02E80FF11DE0818F5F91
S11324A08093330290913202981730F482E0809343
S11324B0AE0940E050E002C04E2F5527DE01AA0FBE
S11324C0BB1FFD01E455F64F8081823031F02F3F70
S11324D021F0A355B64F4C9319C084E012C08091EB
S11324E017270E947211082F85E00BC080911827CE
S11324F00E947211082F86E004C00E94E007082F92
S113250087E080930B1802C088E003C0002329F001
S113251089E080930B180E94F2058F2D99278FBFB5
S1132520FF91EF91DF91CF91BF91AF919F918F91E7
S11325307F916F915F914F913F912F911F910F91D7
S1132540FF900F900FBE0F901F9018951F920F923F
S11325500FB60F9211248F938091C80087FF02C099
S11325608091CE008F910F900FBE0F901F90189501
S113257078941F920F920FB60F9211240F900FBEF2
S11325800F901F90189578941F920F920FB60F9288
S113259011240F900FBE0F901F90189578941F92DE
S11325A00F920FB60F9211240F900FBE0F901F9031
S11325B0189578941F920F920FB60F9211240F90D2
S11325C00FBE0F901F90189578941F920F920FB61C
S11325D00F9211248F939F9380919600909197006E
S11325E09F918F910F900FBE0F901F901895789424
S11325F01F920F920FB60F9211242F933F938F9334
S11326009F932FB7F894332780919C0990919D094B
S1132610019690939D0980939C092FBF9F918F9160
S11326203F912F910F900FBE0F901F901895CF934D
S1132630DF9310921B0290913F0220E0992309F44A
S113264021E0222361F580913D02E82FFF27EE0F60
S1132650FF1FEF5CF74E0190F081E02D222351F42F
S11326608F5F80933D028A3011F410923D029150A5
S113267090933F02309769F0C6E8DFE1DF0187E815
S11326800D9009928150E1F7CF010E94E80688235A
S113269019F00E94DF0603C080E00E94CB05DF91A1
S11326A0CF9108951F920F920FB60F9211242F937A
S11326B03F934F935F936F937F938F939F93AF93C6
S11326C0BF93EF93FF938091B0008093B00080910B
S11326D0B60081FDFCCF8091B30099270196AA270B
S11326E0BB2720916B0830916C0840916D08509184
S11326F06E08280F391F4A1F5B1F20936B08309305
S11327006C0840936D0850936E0878940E942A0DCB
S1132710FF91EF91BF91AF919F918F917F916F91B5
S11327205F914F913F912F910F900FBE0F901F908B
S11327301895EF92FF920F931F9380910E02909140
S11327400F02A0911002B0911102B695A79597952A
S113275087958093FC089093FD08A093FE08B0939E
S1132760FF080E943F08E090FC08F090FD080091EB
S1132770FE081091FF08A80197010E94B936AB0129
S1132780BC014E0D5F1D601F711F4093FC085093E8
S1132790FD086093FE087093FF081092BA1E82E051
S11327A00E94C8081F910F91FF90EF9008950F9316
S11327B01F93CF93DF93182F0FB7F89480912002C3
S11327C0882311F40E944D0A802F99278FBF8FB759
S11327D0F894C82FDD272C2F80912002882361F4E0
S11327E081E0809320021093A6098DE00E94CB051E
S11327F0CFBF80E090E021C0E12FFF27EC55F64FDA
S113280080818F3F89F4E0910A02E11789F40CC0BA
S11328101093090204C0FF27EC55F64F1083109360
S11328200A0280E090E002C085E090E02FBF05C07E
S1132830809109028F3F79F7EBCFDF91CF911F9100
S11328400F9108950F931F93FC0100810D501127E0
S113285062E00E94E708FC01208133272F7030706A
S1132860C901880F991F820F931F081B0250802FE4
S113287099271F910F910895CF93DF93EC018091D5
S11328801B02882391F4423109F055C0A2E9BFE14B
S1132890FB0182E101900D928150E1F782E1809386
S11328A0841F80E00E94CB0546C02091A908222302
S11328B0C9F080916708E82FFF27EE0FFF1FE25948
S11328C0F04E408151811182108221502093A90839
S11328D08F5F809367088A3011F41092670841155E
S11328E0510519F40E94630926C0DA011C96FB0104
S11328F082E101900D928150E1F790913F029A306C
S1132900A8F480913E02E82FFF27EE0FFF1FEF5C33
S1132910F74E518340838F5F80933E028A3011F4D7
S113292010923E029F5F90933F0205C0CA010E942D
S1132930E8060E94DF06CE01DF91CF9108958FB79C
S1132940F894282F3327922F80910B02882331F497
S113295080912002823011F42FBF13C09FBF8FB724
S1132960F894282F332780912002882369F482E089
S11329708093200210920B022FBF0E944D0A209ACE
S1132980289A81E090E008952FBF80E00E94D71339
S113299080E090E008954F925F926F927F928F92C1
S11329A09F92AF92BF92CF92DF92EF92FF920F93DA
S11329B01F93CF93DF932C0180912C08882309F077
S11329C08DC18091AD21853009F088C10E949F148A
S11329D0882309F483C18091C01E882309F07EC135
S11329E064E8862E912C840C951CD4018C9182FD74
S11329F002C090E00BC0E5E8F0E04E0E5F1EF2016D
S1132A0091812BE73FEF420E531E9F708091380A4D
S1132A10981781F09093380A289885EC8EBD0DB4F0
S1132A2007FEFDCF8EB590689EBD0DB407FEFDCFA9
S1132A308EB5289AE20121968981F201218140E034
S1132A409927982F88273327822B932B87749C7C74
S1132A508154984809F441E0442301F1289886E818
S1132A608EBD0DB407FEFDCF8EB51EBC0DB407FEA2
S1132A70FDCF8EB5289A99278F71907020919A096D
S1132A804091FB08240F312D311D43E035952795E6
S1132A904A95E1F7281739070CF420C1289882ECED
S1132AA08EBD0DB407FEFDCF8EB589E08EBD0DB48D
S1132AB007FEFDCF8EB5289A0E94720A7B018C0115
S1132AC0D4018C9184FD03C0E0E0F0E005C0F20184
S1132AD080818550E80FF11D289881E88EBD0DB4E2
S1132AE007FEFDCF8EB51EBC0DB407FEFDCF8EB51F
S1132AF0289A8F71893079F0289882EC8EBD0DB4B4
S1132B0007FEFDCF8EB586E08EBD0DB407FEFDCF6A
S1132B108EB5289AE3C08FB7F89499272F9A2091FD
S1132B208400309185008FBF2F98289880E68EBD51
S1132B30D2019C910DB407FEFDCF8EB59EBD792FB9
S1132B407250773010F4672F01C067E0DE01962FD2
S1132B504D910DB407FEFDCF8EB54EBD9150C1F71A
S1132B606150C60FD11D6F5F21962E193F092E5556
S1132B703F4F3901882477FC8094982C6E0C7F1C7D
S1132B80801E911E309719F4972F961B42C0208106
S1132B90E1808281A3809927AA27BB27BA2FA92F76
S1132BA0982F8827332744275527522F4427332724
S1132BB02227FF24002711278701FF24EE242E2932
S1132BC03F29402B512BBB24CC24DD242A293B292B
S1132BD04C295D29822B932BA42BB52B861997099D
S1132BE0A809B9098383292F3A2F4B2F552722830C
S1132BF09D014427552721838B2F9927AA27BB277B
S1132C008083C2CF28810DB407FEFDCF21968EB5F7
S1132C102EBD9150B8F70DB407FEFDCF8EB5289A9E
S1132C20289882EC8EBD0DB407FEFDCF8EB586E0EC
S1132C308EBD0DB407FEFDCF8EB5289A3097D1F125
S1132C402081E1808281A3809927AA27BB27BA2FFC
S1132C50A92F982F8827332744275527522F4427F5
S1132C6033272227FF24002711278701FF24EE247E
S1132C702E293F29402B512BBB24CC24DD242A2987
S1132C803B294C295D29822B932BA42BB52B860D34
S1132C90971DA81DB91D8383292F3A2F4B2F552724
S1132CA022839D014427552721838B2F9927AA2707
S1132CB0BB278083C2010E94970AC2010E949E0A18
S1132CC0FC01608271828282938286E08093AD21CE
S1132CD084E080932C0880E090E002C085E090E0DE
S1132CE0DF91CF911F910F91FF90EF90DF90CF90E4
S1132CF0BF90AF909F908F907F906F905F904F9018
S1132D0008951F93982F1FB7F89480911E02823064
S1132D1099F580910802891779F58091060220E0DF
S1132D2030E08F3F11F421E030E0232BF1F49FEFEA
S1132D30909308028F3F19F42FEF30E00DC0282F35
S1132D403327F901E655F74F8081809306028F3FC0
S1132D5011F49093070290832093A60881E0809356
S1132D601E0285E00E94CB0505C08FEF8093080208
S1132D7010921E0221E001C020E0812F99278FBF0D
S1132D8090E0213009F491E081E09827892F992778
S1132D901F91089580931220882311F484E001C0C8
S1132DA081E08093030988E00E94CB050895CF92C7
S1132DB0DF92EF92FF920F931F936C017B010E94AD
S1132DC03F08DC01CB01B6010E949236E80EF91EE1
S1132DD000271127B801A70184E00E94C8081F91A9
S1132DE00F91FF90EF90DF90CF900895CF93DF93F2
S1132DF0EC018FE38A8780912B088F5F80932B08E7
S1132E008B8380911F02882319F085E090E01CC019
S1132E10C458DF4F88819981CC57D040892B21F049
S1132E2061E0CE010E94FB08D0932F18C0932E18A6
S1132E3010920F1810920E1881E080931F0286E002
S1132E400E94CB0580E090E0DF91CF910895FF923E
S1132E500F931F93CF93DF93F82E8B01EA01622F18
S1132E60213718F086E090E092C0FA013196818112
S1132E70298170E09927582F44273327422B532B5D
S1132E80CA0187749C7C8154984809F471E07723C3
S1132E9049F4CA0180739070816498688983892F8A
S1132EA099278183635F68832FB7F89433278091D0
S1132EB00302909104022FBF8887892F992789875D
S1132EC02FB7F8943327809105022FBF99278C835D
S1132ED01D82CE010E94F908FC01F0820E83812F2D
S1132EE099278F838FB7F894282F332780911E0258
S1132EF0882371F482E080931E02109208022FBF8F
S1132F00CE010E94F6169927182F882399F00FC036
S1132F102FBFD093A808C093A7088FB7F894C82FE1
S1132F20DD272C2F80911E02882399F406C080E0AF
S1132F300E948116812F99272AC081E080931E0266
S1132F401092A60885E00E94CB05CFBF80E090E0F8
S1132F501EC08091AA088F3F89F4E0910702EE23F6
S1132F6069F010C01092060204C0FF27E655F74F1F
S1132F7010821092070280E090E002C085E090E0A9
S1132F802FBF05C0809106028F3F79F7EBCFDF9109
S1132F90CF911F910F91FF900895EF92FF920F939D
S1132FA01F93CF93DF93E82E8B01F42E81E08E15CF
S1132FB018F481E090E03BC0CE2DDD27CC0FDD1F5F
S1132FC0C75FD44F88819981892B19F085E090E0FF
S1132FD02EC079836883EDE0FE0EFB01F082F3EFEF
S1132FE0FF0E80910C02823018F480E090E01FC044
S1132FF0CB010E94F908FC018081F80167817727E1
S1133000762F662726813327622B732BE0920C02DE
S11330102F2DA8010E9427179927282F882329F0EC
S113302082E080930C0219821882822F9927DF9103
S1133030CF911F910F91FF90EF900895BF92CF927F
S1133040DF92EF92FF920F931F93CF93DF93B82EEB
S11330508B017A01690180914302909144020196A7
S1133060909344028093430290E08091A1088823C6
S113307009F491E09923C1F50E940707EC010C962D
S113308099F140913018552760E070E00E941B3799
S1133090BC860E87812F99278D87E88A8F2D9927E3
S11330A08F87CA8A8D2D9927898B809143029091AD
S11330B044028C8B892F99278B8BCE010E94260783
S11330C0882331F48BE10E94CB0580E090E00EC0B0
S11330D08091450290914602019690934602809316
S11330E04502CE010E94C00681E090E0DF91CF91BD
S11330F01F910F91FF90EF90DF90CF90BF900895B4
S11331001F93CF93DF93182F809143029091440231
S11331100196909344028093430290E08091A10829
S1133120882309F491E0992361F50E940707EC01D3
S11331300C9639F140913018552760E070E00E94F8
S11331401B371C8780914302909144028C8B892FFA
S113315099278B8BCE010E942607882331F48BE1BB
S11331600E94CB0580E090E00EC0809145029091D2
S1133170460201969093460280934502CE010E9436
S1133180C00681E090E0DF91CF911F910895CF9325
S1133190DF93EC010E944F0C282F809169082817B7
S11331A0D1F0382F31503093690813C0822F9927FA
S11331B0E3E0880F991FEA95E1F7DC01A555B74FC5
S11331C0FC01ED54F74F88E001900D928150E1F736
S11331D02F5F231758F38091C11E9091C21E8C1744
S11331E09D07A1F48FEF9FEF9093C21E8093C11EA1
S11331F01092C41E1092C31E1092C51E1092C61EB9
S113320081E080932A0281E10E94CB05DF91CF9176
S113321008951F93CF93DF93162FE0914002FF2769
S1133220EE0FFF1FE75CF54FC081D181209719F0A5
S1133230C817D90751F080914D0290914E02019622
S113324090934E0280934D021AC00E94A506CE01AF
S11332500E94C006112351F480914B0290914C02BC
S1133260019690934C0280934B0209C080914902CD
S113327090914A02019690934A02809349021092D7
S1133280831F90E080914202882309F491E09923FE
S113329019F48BE10E94CB05DF91CF911F91089522
S11332A0AF92BF92CF92DF92EF92FF920F931F9350
S11332B0CF93DF93B82E7B01A42E69018091430242
S11332C0909144020196909344028093430290E0CB
S11332D08091A108882309F491E09923C9F50E94FB
S11332E00707EC018C01045F1F4F91F140913018E6
S11332F0552760E070E0C8010E941B37BC86EE864B
S11333008F2D99278D87F801A382C98A8D2D99273E
S1133310888B80914302909144028C8B892F99274A
S11333208B8BCE010E942607882331F48BE10E9407
S1133330CB0580E090E00EC080914502909146025A
S113334001969093460280934502CE010E94C006E6
S113335081E090E0DF91CF911F910F91FF90EF906A
S1133360DF90CF90BF90AF900895AF92BF92CF926D
S1133370DF92EF92FF920F931F93CF93DF9380918D
S1133380C01E882309F407C10E949F14882309F4EE
S113339002C18FB7F8949927C0919E09D0919F09D3
S11333A08FBF1092C01E28988FE88EBD0DB407FE03
S11333B0FDCF8EB51EBC0DB407FEFDCF8EB5289A89
S11333C0982F80912C08833011F0873031F485E0F8
S11333D08093AD2188E080932C08A92EBB24A2FE03
S11333E068C080912C08863019F410922C0803C010
S11333F0882309F05EC0943009F046C0289886E816
S11334008EBD0DB407FEFDCF8EB51EBC0DB407FEF8
S1133410FDCF2EB5289A2F718091FB08982F969591
S11334209695322F391B830F8093FB08E091640833
S1133430F0916508DF01AC57BF4F8C918B7F88609A
S11334408C93EB57FF4F21830E94720A6B017C011E
S11334500091640810916508C8010E94970AC80188
S11334600E949E0AFC01CC19DD092797CE01AA27E8
S113347097FDA095BA2F8C0D9D1DAE1DBF1D808399
S11334809183A283B38312C0E0916408F09165082C
S1133490EC57FF4F8081877F8083E0916408F0912F
S11334A06508EC57FF4F80818D7F808385E0809392
S11334B02C08A3FE70C080912C08843009F04EC003
S11334C085E08093AD2110922C0880916A088330A6
S11334D019F410926A085FC0C091FD26D091FE26AF
S11334E0CE010E94A10A882389F18A812981992722
S11334F0982F88273327822B932B87749C7C8154A5
S1133500984821F58F812E819927982F8827332772
S1133510822B932B8F5F9F4FC9F090E08091490DD0
S1133520882309F491E0992389F012E01093AB0900
S113353081E08093490D809184009091850069E930
S113354073E00E94B20A10936A0825C010926A08B8
S11335501092040980E00E94CA161DC08530D9F477
S113356020919A09289886E88EBD0DB407FEFDCFF8
S11335708EB51EBC0DB407FEFDCF8EB5289A8F7193
S1133580922F96959695891B280F20939A0989E086
S113359080932C0808C090912C08992309F4E9C25F
S11335A0993009F016C2289880E28EBD0DB407FE4A
S11335B0FDCF8EB51EBC0DB407FEFDCF8EB5482FD2
S11335C05527433008F49DC3842F99278E379105DE
S11335D00CF097C31EBCE0916408F0916508408329
S11335E0542F5250573010F4452F01C047E0DF01EB
S11335F01196242FFD0160E070E00DB407FEFDCFAD
S11336008EB51EBC992781936827062E6295607F2C
S11336106025072E762F62956F70062666957627AD
S11336206727660F660F660F6025215031F74150FA
S1133630A40FB11D4F5F1196E0916408F0916508E5
S1133640818190E08770823009F491E0992349F0F8
S113365020E030E080916A08823081F421E030E09B
S11336600DC08FB7F894282F332790E08091B41EB3
S1133670833008F491E02FBF292F3327232B09F43B
S11336805EC0952F941B18C00DB407FEFDCF8EB5F8
S11336901EBC8C938D916827062E6295607F6025F1
S11336A0072E762F62956F70062666957627672714
S11336B0660F660F660F6025915030F70DB407FE54
S11336C0FDCF8EB51EBC9B012827022E2295207F9C
S11336D02025032E322F22952F700226269532277D
S11336E02327220F220F220F20250DB407FEFDCF22
S11336F08EB51EBC2827022E2295207F2025032E5E
S1133700322F22952F700226269532272327220F47
S1133710220F220F20250DB407FEFDCF8EB5E091B8
S11337206408F0916508EB57FF4F8083289A15E0F1
S11337301093AD2110922C08232B31F016C20DB436
S113374007FEFDCF8EB5DDC2E0906408F0906508F9
S113375067010894C11CD11CF701818190E0282FD6
S11337603327277030702230310509F491E08091BD
S11337706A08992329F1823009F026C1F70193815F
S1133780E091FD26F091FE268381981709F01CC173
S11337902230310509F018C180916F008D7F80932C
S11337A06F001092490DEC57FF4F80818160808338
S11337B010926A081092040980E00E94CA1604C19B
S11337C08823C9F4C7010E94DC0A8823A1F010935E
S11337D0750A82E08093760A1092770AF701838152
S11337E08093780A85E79AE00E94CB14882319F421
S11337F083E080936A080091840010918500C701DA
S11338000E94DC0A882311F0045E1C4F1093080BFD
S11338100093070B80918400909185009801281BE8
S1133820390B12161306A4F480910409882369F451
S113383090E08091490D882309F491E0992341F0A7
S1133840C9010E940F0B80E801C0806880930409BD
S1133850F601808527819927582F44273327422B47
S1133860532B80916F08282F3327F901EE0FFF1F88
S1133870E553F14E8081918170914A0D841795072B
S113388069F4F901E950F94D8081871709F467C09B
S1133890872F8F5F80934A0D80831DC000E010E066
S11338A080E090E0CBECDEE1E7EFF6E2DF01682FA9
S11338B09C01888199818417950779F420936F0876
S11338C090914A0D8C91891709F449C0892F8F5F13
S11338D080934A0D8C9300E829C08081972F981B10
S11338E0091710F4092F122F6F5FC9010196119661
S11338F02296319685309105D1F66530B9F410934E
S11339006F08A12FBB27FD01EE0FFF1FE553F14EFA
S11339105183408380914A0D8F5F80934A0DFD014E
S1133920E950F94D8083A45EB84D1C9290914A0DE4
S1133930892F8F778F3779F40F3768F0E7EFF6E246
S1133940292F207880818F6789132083319636E26E
S1133950EC3FF307B9F780916F08282F3327F6015E
S11339609281A22FBB27FD01E45EF84D808180FF88
S113397007C0FD01EB54F14E8081981729F102C074
S113398081608083AB54B14E9C93DFB6F8948091F0
S1133990B41E8330B0F4E0916C1FE80FE33008F0FC
S11339A0E350FF27EE0FFF1FE65AF74F0081118106
S11339B0F182E0828F5F8093B41E89E00E94CB0580
S11339C078018D2D99278FBFF0926508E0926408E5
S11339D0C3C0892F8150833008F09CC0815082304D
S11339E0E0F43091AD213130C1F420E08091490DF3
S11339F0882309F421E0222381F02F9883E0809327
S1133A00AB093093490D80918400909185006BE25D
S1133A1073E00E94B20A82E068C0933009F042C0A9
S1133A208091AD21833009F097C00E949F148823B0
S1133A30C9F128988FE88EBD0DB407FEFDCF8EB571
S1133A401EBC0DB407FEFDCF8EB5289A809181006F
S1133A5080648093810080E286BB80916F008062E5
S1133A6080936F009091A508289888EC8EBD0DB4C2
S1133A7007FEFDCF8EB590669EBD0DB407FEFDCF4B
S1133A808EB5289A289882EC8EBD0DB407FEFDCF22
S1133A908EB586E08EBD0DB407FEFDCF8EB5289A97
S1133AA084E023C080912C088150823000F58091FD
S1133AB0AD218530E1F40E949F148823C1F0289839
S1133AC082EC8EBD0DB407FEFDCF8EB583E08EBDB6
S1133AD00DB407FEFDCF8EB5289A80916F008F7DBF
S1133AE080936F001092C01E83E08093AD2190916B
S1133AF02C08913041F48091AD218330B1F52F9A97
S1133B009093AD2125C0923039F58091AD21833059
S1133B1061F51EC0973001F50E949F148823E1F0DF
S1133B209091A508289888EC8EBD0DB407FEFDCFB2
S1133B308EB590669EBD0DB407FEFDCF8EB5289A56
S1133B408091AD21853021F484E08093AD2104C0BF
S1133B5088E080932C0804C080912C08883029F4D4
S1133B6010922C0887E00E94CB0580912C088823B2
S1133B7009F58091AD218530D1F48091C01E882350
S1133B80B1F480916A08882391F480910409882310
S1133B9071F490E08091490D882309F491E0992310
S1133BA031F00E941D0B80912C08882319F48BE0BE
S1133BB00E94CB058091490D823009F095C0109286
S1133BC0490DC090AB09F2E0CF1609F469C023E0B7
S1133BD0C21609F46DC031E0C31609F085C0209106
S1133BE0070B3091080B80918400909185004091DF
S1133BF00409403829F4109204090E941D0B74C072
S1133C008901081B190B47FF03C01016110604F1A4
S1133C10C0910009D091010980916A088823C1F4F8
S1133C20CE010E94CB149927882369F4FE01EC5736
S1133C30FF4F80818E7F8083C0926A08D093FE26D6
S1133C40C093FD2629C09927F82E882329F102C0A4
S1133C5095E0F92E20910409822F99278F770197F7
S1133C6059F4207822602093040980E198E00E94AE
S1133C70280B0E940F0B38C027FF0AC0101611062C
S1133C803CF480E880930409C8010E940F0B02C031
S1133C90109204098F2D09C083E08093040924C085
S1133CA010926A081092040980E00E94CA161CC08F
S1133CB08091AD21823019F4C092AD2113C080915E
S1133CC02C08863079F410922C08289881E88EBD4F
S1133CD00DB407FEFDCF8EB51EBC0DB407FEFDCF9F
S1133CE08EB5289A0E94AA1E8FB7F894282F3327DE
S1133CF08091A408813061F081E08093A4082FBFF3
S1133D003ECB289A85E08093AD2110922C082DCFCC
S1133D101092A4082FBFDF91CF911F910F91FF90B4
S1133D20EF90DF90CF90BF90AF9008958FB7F89445
S1133D30282F33278091A40881508093A4088038C9
S1133D4011F02FBF089581E08093A4082FBF0E9433
S1133D50B51908958FB7F894282F33278091A408B4
S1133D60882329F080688093A4082FBF089581E0F8
S1133D708093A4082FBF0E94B519089578941F92C8
S1133D800F920FB60F9211242F933F934F935F938B
S1133D906F937F938F939F93AF93BF93EF93FF930F
S1133DA0E6E8F0E080819181208131818FB7F89439
S1133DB0992730939F0920939E0921E02093C01EE8
S1133DC08FBF0E94AA1EFF91EF91BF91AF919F9167
S1133DD08F917F916F915F914F913F912F910F90B0
S1133DE00FBE0F901F90189578941F920F920FB6E4
S1133DF00F9211242F933F934F935F936F937F936D
S1133E008F939F93AF93BF93EF93FF9380916F0032
S1133E108D7F80936F0078949FB7F8948091490DBB
S1133E20813019F482E08093490D892F99278FBF3F
S1133E300E94AA1EFF91EF91BF91AF919F918F9124
S1133E407F916F915F914F913F912F910F900FBE92
S1133E500F901F901895CF92DF92FF920F931F93AC
S1133E60CF93DF93082F6B01F42EE82FFF27EE0F7B
S1133E70FF1FE652F14E1182108280911902992798
S1133E80019662E070E00E94A636682F80931902C2
S1133E9010E0462F5527FA01EE0FFF1FE652F14EB0
S1133EA0A081B181109799F0E62FE695E695E69505
S1133EB0FF27E056F64F808199279A0127703070CA
S1133EC002C0959587952A95E2F780FF0DC0CA0137
S1133ED0019662E070E00E94A636682F1F5F1230E0
S1133EE0C1F6109319021AC0609319026230B0F43B
S1133EF0FD01359624813327ED016D817727762FD7
S1133F00662781819927682B792BAD0186810E94D0
S1133F100606882319F08AE10E94CB05002319F0D4
S1133F20013051F405C06F2DC6010E94171304C05F
S1133F306F2DC6010E940919DF91CF911F910F9136
S1133F40FF90DF90CF900895AF92BF92CF92DF920F
S1133F50EF920F931F9380918D0B81FF03C08D7F90
S1133F6080938D0BA090630ABB24BA2CAA24809161
S1133F70640A9927A82AB92ACC24DD240E9464075C
S1133F80AB01BC01EE249601850180E00E94450747
S1133F90109257081F910F91EF90DF90CF90BF9030
S1133FA0AF90089568E00E94E708FC018781992793
S1133FB0089568E00E94E708FC018181992708952B
S1133FC068E00E94E708FC0186819927089568E06B
S1133FD00E94E708FC0184819927982F882725816E
S1133FE03327822B932B0895BF92CF92DF92EF92C7
S1133FF0FF920F931F93CF93DF937C01B0905808E7
S1134000D090FC0ACC2428C00D2D03701127C701C1
S11340100E94E71FE801CC0FDD1FCC0FDD1FC00F8E
S1134020D11FC357D74F288139818217930791F441
S1134030C7010E94E01F9A81981761F4C7010E948A
S1134040D91F9C81981731F4C7010E94D21F9B810C
S1134050981721F0C394D394CB14B1F68C2D9927DF
S1134060DF91CF911F910F91FF90EF90DF90CF9050
S1134070BF90089568E00E94E708FC0184819927B5
S1134080982F882725813327822B932B08958F928D
S11340909F92AF92BF92CF92DF92EF92FF920F93D3
S11340A01F93CF93DF934C015B01FC018281882332
S11340B009F044C09092AA218092A9218281882388
S11340C051F48FB7F894992722B132E0232722B90B
S11340D08FBF10921A02F5010781F6804423B1F0D4
S11340E068E0C5010E94E708FC01E6801127102F53
S11340F000278F2D9927082B192BC5010E943A20E0
S1134100FF249801AC01B70180E215C068E0C50145
S11341100E94E708FC01E6801127102F00278F2D4D
S11341209927082B192BC5010E943A20FF249801D6
S1134130AC01B70186E20E941E18BEC0442309F4F4
S113414090C0F401C080D18080915808843009F077
S113415046C0C6010E94F41F20915808622F0E9495
S11341608636492F9217D8F5992359F48091FC0A81
S11341709927019664E070E00E94A6368093FC0AB9
S113418029C08091FC0A840F912D911D9C012370FC
S11341903070E901CC0FDD1FCC0FDD1FC20FD31F20
S11341A0019664E070E00E94A636FC01EE0FFF1F4A
S11341B0EE0FFF1FE80FF91FC357D74FE357F74F11
S11341C085E0019009928150E1F74F5F8091580892
S11341D04817B8F280915808815080935808F0909D
S11341E058088091FC0A8F0D912D911D8370907059
S11341F08C01000F111F000F111F080F191F035707
S1134200174FC6010E94E71FF80191838083C601FE
S11342100E94E01FF8018283C6010E94D91FF801A1
S11342208483C6010E94D21FF8018383F394F09221
S11342305808F5010781E68068E0C5010E94E70897
S1134240FC01C6801127102F0027FF240E291F29E7
S1134250C5010E943A20DD249801AC01B60182E236
S113426017C0FB010781E68068E0C5010E94E708EA
S1134270FC01C6801127102F0027FF240E291F29B7
S1134280C5010E943A20DD249801AC01B60187E201
S11342900E941E18F401808191810E946C09882378
S11342A019F081E50E948018C4010E948B098823BB
S11342B019F082E50E948018DF91CF911F910F9130
S11342C0FF90EF90DF90CF90BF90AF909F908F9032
S11342D00895EF92FF920F931F93CF93DF93EC0116
S11342E0E0912202FF27EE0FFF1FE656F14E0081F8
S11342F011816623E9F00F811127102F00278E8189
S11343009927082B192BCE010E943A207C0168E0E2
S1134310CE010E94E708FC01668177279801A70176
S113432084E20E941E186CE170E08CE190E050C0C1
S11343308091210283FF5EC0CC57DF4F8881C4582F
S1134340D04080FD57C07E010894E11CF11C8F8190
S11343509927982F88272E813327822B932B0E940D
S1134360F407982F8F3F71F08BE0989FF001112490
S1134370EB5EF44F82858F5F8287853018F0CF0122
S11343800E94310981E10E94CB05F80183818150AB
S11343908383882301F1F70106811127102F002759
S11343A085819927082B192BCE010E943A207C0184
S11343B068E0CE010E94E708FC0166817727980136
S11343C0A70185E20E941E1867E070E087E090E094
S11343D00E94D7163FC00E944809809121028F7E17
S11343E08093210267E070E087E090E00E94D71696
S11343F040E02CC00E944809809121028F7E809366
S1134400210267E070E087E090E00E94D7168F8178
S11344109927982F88272E813327822B932B0E944C
S1134420F407982F8F3F89F08BE0989FF0011124B7
S1134430EB5EF44F81858F5F818782858F5F8287F2
S1134440853018F0CF010E94310941E0BE01C80156
S11344500E944720DF91CF911F910F91FF90EF9021
S11344600895AF92BF92CF92DF92EF92FF920F9393
S11344701F93CF93DF93D82E5B01C42EE82FFF2721
S1134480EE0FFF1FE75FF44F1182108280910C0240
S11344909927019662E070E00E94A636682F809307
S11344A00C0200E0462F5527FA01EE0FFF1FE75FCD
S11344B0F44FC081D181209799F0E62FE695E695D7
S11344C0E695FF27EB57F04E808199279A012770D4
S11344D0307002C0959587952A95E2F780FF0DC04C
S11344E0CA01019662E070E00E94A636682F0F5F51
S11344F00230C1F600930C021FC060930C026230BC
S1134500D8F4E88083EFE80EFF240F811127102FE1
S113451000278E819927082B192BCE010E94F908B8
S1134520FC012E2DAE01B80180810E94271788233B
S113453019F080E10E94CB05DD2021F081E0D8163E
S113454089F405C06C2DC5010E9469210BC086E069
S1134550A81689E0B80631F480912902882311F065
S113456010922902DF91CF911F910F91FF90EF904C
S1134570DF90CF90BF90AF900895462F20910C020A
S1134580223070F4E22FFF27EE0FFF1FE75FF44F96
S1134590608171816817790719F4822F0E94312292
S11345A00895AF92BF92CF92DF92EF92FF920F9352
S11345B01F93CF93DF935B016C01C0E0D0E0E5E88B
S11345C0FBE0608561FF6BC12081318142815381B1
S11345D0E480F58006811781D601C501821B930B07
S11345E0A40BB50B8E159F05A007B10708F457C19E
S11345F060FF03C06D7F608708C02E0D3F1D401F04
S1134600511F2083318342835383C23009F4DDC0B8
S1134610C33030F4CC2359F0C13009F046C1D3C0C3
S1134620C33009F429C1C43009F03FC12FC18091BE
S11346305708853009F075C080911A02882309F063
S113464057C062E18EED9EE10E94DA09009709F4F9
S1134650B7C0FC01A1E6BAE082E10D90019281505D
S1134660E1F78091210281FF41C0CEEDDEE16AE1F4
S1134670CE010E94E10968E0CE010E94E708FC0136
S113468080910002909101028583892F9927848368
S1134690809166088F5F809366088150868383E9E2
S11346A087831182E091A921F091AA213097F1F03A
S11346B0D183C08312828EE18383CF010E94840C54
S11346C0882389F48091210282FF05C084FD03C000
S11346D08EE00E94CB051092AA211092A92181E0BC
S11346E080931A0205C081E10E9480180E94630928
S11346F0109257088091A821882389F48091670A31
S11347009927982F88272091680A3327822B932B87
S113471001968093680A892F99278093670A1092DB
S1134720A8218FB7F894282F3327122F80911D02C8
S1134730882369F581E080931D02109245182FBFEC
S11347402FB7F894332780917A00806880937A0099
S11347502FBF8FB7F894C82FDD279C2F80910202BA
S1134760813099F480911D02813021F483E00E940C
S1134770CB0509C0823049F4809145188093020228
S113478083E080931D02CFBF90C09FBF8EC08091F5
S11347904518882311F42FBF88C080E00E94A30C21
S11347A0882319F085E090E007C08091840B816034
S11347B08093840B80E090E01FBF892B09F475C0BF
S11347C00E94DF0672C086E067C0809127028823BA
S11347D009F46BC080912802882309F466C0809193
S11347E0BA1E882309F581E10E94CB0582E10E946B
S11347F0CB0540910E0250910F026091100270910E
S113480011028091FC089091FD08A091FE08B091DE
S1134810FF08481B590B6A0B7B0B81E08093BA1E7F
S113482082E00E94C80841C080910E0290910F025C
S1134830A0911002B0911102880F991FAA1FBB1FEB
S113484080930E0290930F02A0931002B093110272
S11348508150904DA740B04060F080E090EDA7E01B
S1134860B0E080930E0290930F02A0931002B093D5
S113487011020E94991319C0809127028823A9F07C
S113488080912802882389F081E106C08091210269
S11348908F7E809321028EE00E94CB0506C0219674
S11348A03996C530D10509F08CCE82E00E94CB0543
S11348B0DF91CF911F910F91FF90EF90DF90CF90F8
S11348C0BF90AF9008953F924F925F926F927F9204
S11348D08F929F92AF92BF92CF92DF92EF92FF920C
S11348E00F931F93CF93DF93CDB7DEB723970FB604
S11348F0F894DEBF0FBECDBF8FB7F894282F3327AF
S11349008091B41E882309F43CC4E0916C1FFF27F6
S1134910EE0FFF1FE65AF74FC080D1802FBFF6017C
S11349208285178106818F3309F0EDC3C6010E9489
S1134930F9084C01FC016081F60171912F01812F6E
S11349409927582F4427802F9927482B592B8FB705
S1134950F894992720910302309104028FBF4217E3
S1134960530721F04F5F5F4F09F003C47D507B83F1
S1134970603721F0613709F0E0C300C2F601878196
S113498026819927982F88273327822B932B8F5F93
S11349909F4F09F0F7C062E0C6010E94E7087C015E
S11349A0F601818520859927B82EAA243327A22AC7
S11349B0B32AC5010E94F4078F3F21F0F7016181FA
S11349C077271CC00E94140C182F8F3FD1F0B5011B
S11349D00E944B0BF7014181212F33278BE090E09C
S11349E0289FF001299FF00D389FF00D1124EB5EF4
S11349F0F44F4283F70161817727812F0E946B0B6B
S1134A00C1C081E40E94260C182F8F3FA1F0282FEB
S1134A1033278BE090E0289FF001299FF00D389F09
S1134A20F00D1124EB5EF44F808191810E94C71830
S1134A30B501812FA5C090E025E830E0C20ED31E59
S1134A40F60180812BE73FEFC20ED31E893C08F0AC
S1134A5091E0992309F496C0C6010E942214982F6C
S1134A60F4018081803709F08DC0953009F065C369
S1134A7065E0C6010E94F2088C01FC01818122815B
S1134A809927982F88273327822B932B8F5F9F4F4B
S1134A9009F47EC0F801838124819927582F442783
S1134AA03327422B532B4115510521F1809169087D
S1134AB0E82EFF246091C11E7091C21EA0E020E088
S1134AC030E0EBEAF8E00EC0808191818617970709
S1134AD031F0848195814817590708F4A1E02F5FCC
S1134AE03F4F38962E153F0514F4AA2369F3AA23E1
S1134AF009F453C010E0EAE1FBE08081992780FFCC
S1134B0004C083FD02C081FF1F5F3B962BE0E838A1
S1134B10F20799F71123B1F10E943F08DC01CB01A0
S1134B20612F77270E94923600E010E0EAE1FBE073
S1134B309081992349F0292F332723FD05C021FDB6
S1134B4003C081508F3F39F00F5F1F4F3B960A30EF
S1134B50110571F717C0202F0F3FA1F033278BE009
S1134B6090E0289FF001299FF00D389FF00D11244B
S1134B70EB5EF44F808191810E94C718B501802FAC
S1134B800E944B0BC6010E942214853009F0D5C245
S1134B9065E0C6010E94F2088C01F201F08497805E
S1134BA060E4C6010E946F0C382E58010894A11CC1
S1134BB0B11CF801818125010894411C511CF501A7
S1134BC021819927982F88273327822B932B8F5F56
S1134BD09F4F09F4BDC08F2D9927F82EEE24892DFF
S1134BE09927E82AF92A63E0862E912C800E911EDB
S1134BF0F801838154E0652E712C600E711E2481AE
S1134C009927982F88273327822B932B892B49F5B3
S1134C10C7010E94F4078F3F09F50E94140C8F3FCF
S1134C2011F0B70119C08AE00E94260C182F8F3F9B
S1134C30A9F0282F33278BE090E0289FF001299FCB
S1134C40F00D389FF00D1124EB5EF44F80819181BB
S1134C500E94C718B701812F0E944B0BC7010E9405
S1134C602508F4019080F3018080F501B080F20101
S1134C70A080C7010E940C088C01C7010E944F0C40
S1134C80482F8A30F1F1892D9927782F6627882DAE
S1134C909927682B792B8B2D9927382F22278A2D3A
S1134CA09927282B392B809169084817C9F40233B6
S1134CB0110538F5E42FFF27B3E0EE0FFF1FBA9577
S1134CC0E1F7E555F74FF182E08233832283758360
S1134CD0648381E0868317824F5F4093690811C023
S1134CE0E42FFF27A3E0EE0FFF1FAA95E1F7E55598
S1134CF0F74FF182E082338322837583648381E0FA
S1134D00868380910D02882319F5C7010E944F0CF8
S1134D10E82F80916908E81748F4FF2753E0EE0F65
S1134D20FF1F5A95E1F7E555F74F37828091C61E6C
S1134D30882311F0332049F08091C11E9091C21E46
S1134D408E159F0529F4332019F081E10E94CB05CB
S1134D5060E8C6010E946F0C882309F4EEC180E864
S1134D6090E0A0E0B0E080930E0290930F02A09335
S1134D701002B09311020E949913DFC1C6010E9470
S1134D80D21FA82EC6010E94D91F082F0F5F68E00A
S1134D90C6010E94E7084C01FC010183E68011274B
S1134DA0C6010E943A20FF249801AC01B70181E2B8
S1134DB00E941E18FB81F13708F0BFC1C6010E9492
S1134DC0F41F20E090915808891708F421E0222369
S1134DD011F088E225C110912402812F9927B82E61
S1134DE0882309F440C0C6010E94E71F3C010091DA
S1134DF02202010F0150BA940D3010F4E02F02C0CA
S1134E00E02FED50FF27EE0FFF1FE656F14E019005
S1134E10F081E02DE080F180C7010E94E71F861534
S1134E20970509F0A9C1C7010E94E01F182FC60108
S1134E300E94E01F181709F09FC1C7010E94D91FE3
S1134E40182FC6010E94D91F181709F095C1C70170
S1134E500E94D21F182FC6010E94D21F181709F0F2
S1134E608BC189E2DDC0809159088823A9F0C6016D
S1134E700E94D50923E9A21609F05FC18850082FC2
S1134E801127602FC6010E94DA09402FBC01C60118
S1134E900E943C146C0151C180E02091740A2223C9
S1134EA009F481E0882311F080E1B7C09091730A7E
S1134EB080E0992309F481E0882311F086E1ADC0F4
S1134EC09923C9F080910D20E82FFF27EE0FFF1FD3
S1134ED0E150F94D0081118111821082915090931B
S1134EE0730A8F5F80930D208C3011F410920D2083
S1134EF00115110511F483E593C02223C9F08091B3
S1134F009B09E82FFF27EE0FFF1FEC5EF74EA080F2
S1134F10B1801182108221502093740A8F5F809394
S1134F209B098C3011F410929B09A114B10411F463
S1134F3084E576C087E8F50111928A95E9F72CE7B4
S1134F4030E0C20ED31E8BE0F60111928A95E9F788
S1134F5024E83FEFC20ED31EF801D182C0828FEF46
S1134F6082838EE18383C8010E94840C882309F024
S1134F7046C0CE0101960E94AA098823B9F5F4011E
S1134F80828123819927982F88273327822B932B7B
S1134F9029813A812817390748F180E890E0A0E098
S1134FA0B0E080930E0290930F02A0931002B0938E
S1134FB011020E9499136CE170E08CE190E00E9470
S1134FC0D716F20106818581F401E6801127102F9E
S1134FD000279927082B192BC6010E943A20FF2489
S1134FE09801AC01B70188E10E941E188091B10BB1
S1134FF081FD03C08EE00E94CB0565019EC0C50102
S11350000E946C09882319F081E50E948018C80168
S11350100E948B09882319F082E50E94801881E19F
S11350200E9480188AC068E0C6010E94E708FC015B
S113503080818078803871F480E890E0A0E0B0E06E
S113504080930E0290930F02A0931002B09311026A
S11350500E949913C6010E94D21F833909F06DC0C2
S11350602FB7F894332782B111E0812782B92FBF7B
S1135070F601848925899927582F44273327422B01
S1135080532B8091610A9927982F88272091620ACF
S11350903327822B932B84179507B0F44093620A2D
S11350A0852F99278093610A868927899927982FC4
S11350B088273327822B932B8093640A892F99277F
S11350C08093630A0E94A41FF601828D238D992781
S11350D0582F44273327422B532B8091670A992753
S11350E0982F88272091680A3327822B932B8417C3
S11350F0950718F54093680A852F99278093670AC6
S11351001093A8211AC0812F9927582F4427802F44
S11351109927482B592B8FB7F8949927209103028C
S1135120309104028FBF4217530719F04F5F5F4F4E
S113513021F48FB7F89499278FBF9FB7F894809183
S11351406C1FE82FFF27EE0FFF1FE65AF74FD1829F
S1135150C0828F5F80936C1F833010F010926C1F9D
S11351608091B41E81508093B41E892F99278FBFDC
S1135170C3CB613711F757CF0150BB2009F03BCEA9
S113518072CE2FBF23960FB6F894DEBF0FBECDBFED
S1135190DF91CF911F910F91FF90EF90DF90CF900F
S11351A0BF90AF909F908F907F906F905F904F9043
S11351B03F9008956F927F928F929F92AF92BF9289
S11351C0CF92DF92EF92FF920F931F93CF93DF93CF
S11351D0CDB7DEB722970FB6F894DEBF0FBECDBFB2
S11351E0E82FFF27EC31F10510F00C94A131EA59B6
S11351F0FF4FEE0FFF1F0590F491E02D099480916D
S1135200851F882311F40C94A13110E001E013C42C
S11352108091A009882311F40C94A13110E001E0DD
S11352200C9408314091841F8FEF80938C1F8093DE
S11352308B1F83E98093911F66E87FE180E00E94E1
S11352406106882321F00E9463090C94A13181E056
S113525080931B020C94A1318091A208882361F5EC
S11352602091D61E3091D71E4091D81E5091D91E40
S1135270EFB7F894FF2760916008709161088091FE
S1135280620890916308E0900E20F0900F20009146
S11352901020109111206E0D7F1D801F911FEFBFF4
S11352A02093D61E3093D71E4093D81E5093D91EF8
S11352B01092A2080E94B60D0E94640744C00E9486
S11352C064075B016C018FB7F894992710929109D8
S11352D08FBF5FEFE52E5FEFF52E5FEF052F5FE7E2
S11352E0152F60E0E5E8FBE0808581FF1CC080812C
S11352F09181A281B381A6019501281B390B4A0B28
S11353005B0BDA01C9012481358146815781281B51
S1135310390B4A0B5B0B2E153F05400751071CF454
S113532079018A0161E039963BE0E23BF307E1F65B
S1135330662311F40C94A1311E141F0410061106E7
S113534034F0C601B5010E94D1220C94A131E0923F
S1135350D61EF092D71E0093D81E1093D91E81E05A
S11353608093A208A8019701C601B5010E94B60D59
S11353700C94A1312FB7F89433278091451880936A
S1135380020283E080931D022FBF809102028823D2
S113539011F00C94A13181E08093370A1092821F9E
S11353A00E94B70C0C94A1311092370AA0900918EE
S11353B0B0900A188091821F882311F00C94A131B7
S11353C08FB7F894C82E80911D02833009F044C031
S11353D080910202882309F03FC08091840B8823C6
S11353E011F00C9489310C947E31ED2DE695E695FF
S11353F0E695FF274D2D5527EC57F44F9A0127705A
S1135400307081E090E002C0880F991F2A95E2F77E
S1135410809520812823208300931C0212C00F5FF3
S11354201F4F0130110511F400E010E0D02E802F41
S11354300E94A30C8823C9F60E151F0581F74FEFB0
S113544050E0409345188FEF8093020281E08093EF
S11354501D0283E00E94CB05CFBEE0915708E530E2
S113546010F00C94A131EF5FE0935708E150FF274F
S1135470EE0FFF1FE759F54FA1828B2D99278083EB
S113548060C72FB7F89433278091A6088093080249
S113549082E080931E022FBF80910802882309F0C6
S11354A050C78091A7089091A8080E94F616082F6B
S11354B01127002309F445C780E00E948116602F5C
S11354C08091A7089091A80880C0E0912E18F091CF
S11354D02F18DF01A458BF4F2D913C9111971091C3
S11354E01F02123051F52115310529F0EC57FF4FF9
S11354F0808180FF02C084E01BC080910E189091CF
S11355000F18019690930F1880930E188217930723
S113551070F481E080931F02FD01428153814115A3
S1135520510569F0662777270E94C8080AC785E0F5
S113553080931F0210911F0226C0113021F582E0D2
S113554080931F0240912E1850912F182FB7F89472
S113555033278091A4088F5F8093A4082FBF809184
S11355600309882369F450930D1840930C1881E0C3
S1135570809303091092D71788E00E94CB05ADC031
S11355800E94961EB0C0143008F4DBC6232B61F0D1
S1135590E0912E18F0912F18E458FF4F80910E18C7
S11355A090910F189183808310921F02E0902E181F
S11355B0F0902F18F70182858F3309F0C2C680E07E
S11355C00E9481161450612FC7010E94BD22B9C6E2
S11355D08091030910920309853069F581E0809375
S11355E0270280912802882311F00E943F088091AD
S11355F0210284608093210290E080912402882318
S113560009F491E0992319F48EE00E94CB058FB739
S1135610F894282F3327922F80910B188A3041F069
S113562080910509843021F02FBF0E94DF0689C6CE
S11356309FBF84E160C6863031F4109227028091C6
S113564021028B7FE7C1873009F47BC6809303096D
S113565078C62FB7F89433278091A4088F5F80937E
S1135660A4082FBF40910309413071F58091D717E9
S11356708F5F8093D717863038F520910C183091BE
S11356800D18809104098823C1F490E08091490D9C
S1135690882309F491E0992381F030930109209340
S11356A00009409304098BED91E10E94280B0E94AC
S11356B00F0B1092122083E004C085E08093122027
S11356C082E08093030909C0109203090E94961E88
S11356D080911220882321F406C00E94961E31C6B0
S11356E08C5F80931F0286E006C60E94632429C64D
S11356F00E943F082FB7F8943327709311186093D2
S113570010182FBF1EC68FB7F89499271092C10C9A
S11357101092C00C1092AC211092AB2110922E0862
S113572010922D081092060B1092050B6FC52FB71F
S1135730F89433278091A60980930B0282E080932A
S113574020022FBF80910B02882309F0FAC5209A0A
S1135750289A8091AD21882309F075C08EEF91E0DD
S1135760019701960197E1F716982F9886E090E04B
S1135770019701960197E1F7169A289883EC8EBD5C
S11357800DB407FEFDCF8EB51EBC0DB407FEFDCFD4
S11357908EB5289A289882EC8EBD0DB407FEFDCFF5
S11357A08EB588E08EBD0DB407FEFDCF8EB5289A68
S11357B08EEF91E0019701960197E1F728988EEC1E
S11357C08EBD0DB407FEFDCF8EB58DE48EBD0DB438
S11357D007FEFDCF8EB5289A289889EC8EBD0DB4AE
S11357E007FEFDCF8EB587EC8EBD0DB407FEFDCF51
S11357F08EB5289A289885EC8EBD0DB407FEFDCF92
S11358008EB580E88EBD0DB407FEFDCF8EB5289A07
S11358101092380A8BE08093A508289888EC8EBDF6
S11358200DB407FEFDCF8EB58BE68EBD0DB407FE1D
S1135830FDCF8EB5289A2F9A81E08093AD2180E028
S11358400E94EE097EC50E94AA1E7BC5809121029A
S113585084FD08C090E080912402882309F491E03B
S1135860992311F080E51DC080915908882359F4CB
S113587020E08091C11E9091C21E8F5F9F4F09F05E
S113588021E0222331F0CE0101960E94AA09882347
S113589059F040E157E260E070E084E00E94C808FB
S11358A082E10E9480184DC5E0912202FF27EE0F8D
S11358B0FF1FE656F14EC080D180F60100811181B0
S11358C0C8010E94D509982EA090C11EB090C21E96
S11358D0C8010E94F41F20E090915808891708F429
S11358E021E02223C9F08AE20E9480180E9448091C
S11358F0F601808191810E946C09882319F081E569
S11359000E948018C6010E948B09882319F082E541
S11359100E9480188EE0EFC480915908F601E0805F
S1135920F180882381F1C7010E94EE08FC011781F0
S1135930A091A709B091A809F70187E801900D92F9
S11359408150E1F7E090A709F090A809C7010E94EF
S1135950D509133969F48850082F1127602FC7011E
S11359600E94DA09402FBC01C7010E943C147C014B
S1135970F092A809E092A70960E0F6018081918184
S11359800E946921DEC409811A81C7010E94EE08C0
S1135990FC010383012F11270283F6018081918189
S11359A00E94EE08FC0180818F73808361E0F60120
S11359B0808191810E94FB088091210288608093FC
S11359C0210280FF0EC0F601808191810E94EE08C1
S11359D0FC01808180648083809121028E7F80938A
S11359E02102F60100811181F801A6828B2D9927ED
S11359F08783C8010E94F908FC0181E78083492D4F
S1135A00B80180E00E94CD179927882331F4809152
S1135A10210280618093210294C4823009F091C4F0
S1135A2060E7F601808191810E94E1098EE00E9485
S1135A30CB0587E136CF2091851F802F822329F162
S1135A40E12FFF27EE0FFF1FE75FF44F40815181E5
S1135A5011821082802F809528232093851F112383
S1135A6019F0113091F405C063E0CA010E94692164
S1135A7057C44650594009F053C4809129028823E1
S1135A8009F44EC4109229024BC41F5F183008F069
S1135A9058C4000FD0CF80910C02E82FFF27EE0FDF
S1135AA0FF1FE75FF44F6081718141E00E94312262
S1135AB048C480915908882309F043C48824992450
S1135AC0EFEFCE2EDE2E7FEF672E772EEE24FF240F
S1135AD043C0022F112763E0000F111F6A95E1F7FD
S1135AE00555174FF80122813381FFEF2F3F3F0700
S1135AF081F180912C1890912D182817390749F1BC
S1135B00F801808191810E940C085C01F801648194
S1135B107581AC01460F571F208131818091C11ED0
S1135B209091C21EA7812817390741F47093C41EAF
S1135B306093C31EA093C61E3A010BC0AA2349F466
S1135B40F2E3AF16B10428F44C155D0510F44801D6
S1135B506A010894E11CF11C2E2D80916908E81655
S1135B6008F4B7CF2FEFC2162FEFD20609F4C7C03F
S1135B703FEF63163FEF730691F08091C61E8823B2
S1135B8041F08091C31E9091C41E0A96C816D9068E
S1135B9030F0C6010F968615970508F0B0C08091C5
S1135BA0681F9091691FA0916A1FB0916B1F0196A5
S1135BB0A11DB11D8093681F9093691FA0936A1F54
S1135BC0B0936B1FF401A480B580E080F1808091D4
S1135BD043029091440201969093440280934302BD
S1135BE090E08091A108882309F491E09923C1F5FC
S1135BF00E9407078C010C9699F1409130185527A3
S1135C0060E070E00E941B3781E3F8018487E68638
S1135C108F2D99278587A08A8B2D99278787C28AFC
S1135C208D2D9927818B8091430290914402848B1E
S1135C30892F9927838BC8010E942607882321F482
S1135C408BE10E94CB050CC08091450290914602E5
S1135C5001969093460280934502C8010E94C006B3
S1135C608091C11E9091C21E0E94F4078F3F81F063
S1135C70282F33278BE090E0289FF001299FF00D17
S1135C80389FF00D1124EB5EF44F8581877F858367
S1135C90F401808191810E942508F4018081918121
S1135CA00E94F4078F3F41F0EBE08E9FF001112436
S1135CB0EB5EF44F12861186F401808191819093FA
S1135CC0C21E8093C11E848195819093C41E8093CB
S1135CD0C31E87818093C61EC3018C199D094597F5
S1135CE070F080E890E0A0E0B0E080930E02909322
S1135CF00F02A0931002B09311020E949913809195
S1135D002A02882369F4FFEF6F16FFEF7F0641F440
S1135D102FEFC2162FEFD20619F08EE00E94CB05AA
S1135D2010922A020EC380912902882309F009C324
S1135D30E091A209F091A30910828091C11E909173
S1135D40C21EE091A209F091A3098283892F9927A9
S1135D50818380915908882329F08091C31E9091F2
S1135D60C41E20C08091C11E9091C21E0091C31E0A
S1135D701091C41E3FEF8F3F930781F4E091A20975
S1135D80F091A3090483812F99278383E091A209C9
S1135D90F091A3098081806880830CC00E940C0864
S1135DA0800F911FE091A209F091A3098483892FA8
S1135DB099278383E091A209F091A3092381848127
S1135DC0618142813327322F22279927282B392BAF
S1135DD07727762F66275527642B752B40E083E3BE
S1135DE00E94501962E086E099E00E94E7086C0185
S1135DF068E086E099E00E94F20875E0A72EB12CD5
S1135E00A80EB91E40E0FF2400E010E06BE0862EEF
S1135E10912C53E0E52E8091260299270196800F5C
S1135E20911F6AE070E00E94A6369C019927889D24
S1135E30D001899DB00D989DB00D1124AB5EB44F77
S1135E40FD018581992780FF15C081FF13C08D91C5
S1135E509C911197FE9CA00111244A0D5B1DFA012F
S1135E608183892F99278083FD018681FA018283AA
S1135E70F394422F0930110529F00F5F1F4FFEE004
S1135E80FF1548F640932602809125028F5F809388
S1135E9025028150F60181838F2D8F7080838FEFCF
S1135EA080930C0980930D0986E099E00E94F9081B
S1135EB0FC0180E7808383E0F89EC0011124895FA0
S1135EC0482F552766E079E081E00E94CD17992795
S1135ED0882309F433C2843009F033C210922702B4
S1135EE030C28FB7F8941092B02120910B1840E083
S1135EF0283009F441E030E0293009F431E044234A
S1135F0011F4332351F010920B18E091830BFF2707
S1135F10EE0FFF1FE455F64F108299278FBF4423DD
S1135F2011F4332331F19FB7F89480916D1F8F5F83
S1135F3080936D1F8091A509833479F42091FE0A22
S1135F408091FD0A821779F0822F8F5F8093FE0A79
S1135F50863048F01092FE0A06C0A0E0442309F4FB
S1135F60A1E071E002C0A0E070E0892F99278FBF03
S1135F7006C0222311F0FF246DC0A0E070E08FB7AB
S1135F80F894992720912B028FBF222341F08FB7D9
S1135F90F89499272AE020930B188FBF42C08FB73B
S1135FA0F89499276091AC094091AE098FBF8FB7DF
S1135FB0F894282F332750E09091FD0A8091FE0A2F
S1135FC0981709F451E02FBF552341F5662331F5A5
S1135FD05FB7F89482E08093AC098FB7F894282FC8
S1135FE0332740E09091FD0A8091FE0A981709F446
S1135FF041E02FBF442311F080E006C0E091FE0A87
S1136000FF27E350F54F82818093AD0983E48093A9
S1136010A5091092830B852F99270EC04150423059
S113602010F0FF240CC08FB7F894992725E420932F
S1136030A50921E02093830B8FBF11E0F12E772374
S113604049F08FB7F8949927A09334028FBF87E162
S11360500E94CB058FB7F894082F112780910B1855
S11360608A3009F463C10FBFFF2009F46AC12FB756
S1136070F894332710921827109217271092A10929
S113608081E080930B182FBF0E94E007882309F456
S113609058C18FB7F894992729E020930B188FBF24
S11360A00E94F2054EC18091C1008F7B8093C10094
S11360B08091C1008F778093C1001092D8171092FD
S11360C08F098091C10088608093C1008091C100D4
S11360D080618093C1008091C10080688093C10079
S11360E08FB7F894992710920B18109205098FBF57
S11360F08091650A9927982F88272091660A33276B
S1136100822B932B64EF71E00E949236892B29F540
S11361102091C11E3091C21E81E080935908809164
S11361202C1890912D189093C21E8093C11E10922A
S1136130C41E1092C31E2F5F3F4F19F48EE00E94BD
S1136140CB052091C31E3091C41E6091C11E709175
S1136150C21E40E081E30E9450190E94A41FF1C0B6
S113616086E1C9C08091C100877F8093C10080917E
S1136170C1008F7E8093C100E4C01092310210925E
S113618030028FB7F8949927409134028FBF8091E1
S11361903502811143E020912E0230912F0280912B
S11361A03602882309F0CDC080911902823008F0AC
S11361B0C8C0E82FFF27EE0FFF1FE652F14E6081A3
S11361C071816217730709F0BCC056C08FB7F89489
S11361D099272091390230913A02409168088FBF83
S11361E08FB7F894E42FFF27EE0FFF1FED5EFD4FEE
S11361F03183208320912C02442311F02B7F01C092
S11362002D7F20932C021092370299278FBF99C0BB
S11362102091A009802F8223F1F0E12FFF27EE0FB8
S1136220FF1FE652F14E4081518111821082802F6E
S1136230809528232093A009112319F0113059F4D3
S113624005C063E0CA010E9417136DC063E0CA0170
S11362500E94091968C01F5F183008F072C0000F4F
S1136260D7CF80911902E82FFF27EE0FFF1FE652C8
S1136270F14E6081718141E00E942B1F62C08091C8
S1136280831F882309F05DC090E080914202882337
S113629009F491E0992309F054C0E0914002FF27EA
S11362A0EE0FFF1FE75CF54F00811181409130181C
S11362B08FEFF8018683858382E78387B80181E0C5
S11362C00E9461068823B1F18091470290914802AF
S11362D0019690934802809347020E94A506C80144
S11362E00E94C00690E080914202882309F491E064
S11362F0992339F58BE10E94CB0523C081E080937B
S1136300020210921D0280917A008F7780937A00A6
S1136310A3C880911C02E82EFF2487010C940F2A45
S1136320000F1F5F88CB000F1F5F72CF0E948D0785
S11363300FBF07C081E08093831F03C081E0809377
S1136340290222960FB6F894DEBF0FBECDBFDF91AF
S1136350CF911F910F91FF90EF90DF90CF90BF905E
S1136360AF909F908F907F906F9008958091651F5C
S11363708F3FB1F0282F3327F901E059F74F80817F
S11363808093651F8F3F11F48093FC268FEF8083E9
S11363902F3F31F0822F0E94DA2881E090E00895A7
S11363A080E090E00895EF92FF920F931F93CF93B4
S11363B0DF93EFB6F89414BE88E10FB6F894809397
S11363C06000109260000FBE4CE150E06FEF70E08F
S11363D080E798E00E941B378FEF8093651F8093BE
S11363E0FC2656985E9854985C9880916F008F7D37
S11363F080936F00209A289A279A2F980E9A169ABB
S113640080EB99E0909365088093640810929A0950
S11364108AE58093FB0881E08093810080E2809389
S1136420B60083E08093B100809184009091850050
S11364304AE720918400309185002817390708F431
S11364404150442311F0C901F4CF9091B2008091DE
S1136450B2008917E1F32091840030918500909176
S1136460B2008091B2008917E1F380918400909189
S11364708500821B930B4096A5E096958795AA9577
S1136480E1F79093671F8093661F1092B10080918B
S1136490B10080938100809181008093B6001092B6
S11364A0B20010928500109284008FEF87BB87B3EF
S11364B086BB8091B6008571E1F70A9A099A089A19
S11364C0129A119A109A18B88FEF87B90C981498E9
S11364D010929500109294008091710081608093D5
S11364E0710080919100887F826080939100109266
S11364F085001092840080916F00816080936F000A
S113650080918100887F82608093810010927A005C
S11365100E94B6318823E1F7EFE2F8E08BE49DE0D6
S11365208193919389579F4F28E0E735F207C1F78C
S113653084E18093A10810921927EEE6FFE181EB34
S113654091E28193919389579F4F2FE1E238F207AB
S1136550C1F7FAE0FF2EF092A9081092670812E042
S113656006E06091661F7091671F88279927ECE009
S1136570660F771F881F991FEA95D1F720E031EE47
S113658040E050E00E94B936215030402093C400CE
S1136590832F99278093C5001093C0000093C200F5
S11365A01092C1002093CC008093CD001093C800BA
S11365B00093CA001092C90084E490E09093C81E2E
S11365C08093C71E1092AC091092AE09F0920B187A
S11365D01092A1091092A50910926D1F109218270C
S11365E0109217271092B0211092830B1092BC1EA8
S11365F01092BB1E84E08093050910921318109228
S1136600D51E109290091092120B1092110B109239
S1136610FE0A1092FD0A1092FC0A10925808EFEF3D
S1136620F6E289ED97E181939193049627E2E731AD
S1136630F207C9F78CE08093730A10920D20E4E10D
S1136640F8E186E498E18193919389579F4F28E17B
S1136650EC32F207C1F78CE08093740A10929B0924
S11366608FEF8093A40980E00E94D7132091000249
S1136670309101022F5F3F4FC901AA27BB278093A6
S1136680960990939709A0939809B093990983E187
S113669090E290935B0880935A088AE990E2909381
S11366A05D0880935C0881E291E290935F08809397
S11366B05E082FEF3FEF3093CC1E2093CB1E309318
S11366C0CE1E2093CD1E3093D01E2093CF1E309328
S11366D0D21E2093D11E3093D41E2093D31E8091BA
S11366E0000202E919E0C2ECDCE08295807F80932D
S11366F02B088FEF8093AA08109227021092280289
S11367001092681F1092691F10926A1F10926B1FDB
S1136710109259083093C21E2093C11E1092C41EB9
S11367201092C31E1092C51E1092C61E10926908C4
S11367306EE686E099E00E94F2089093A3098093A4
S1136740A2091093AA210093A921D093A809C09368
S1136750A70910926608EAE1FBE010823B968BE001
S1136760E838F807D1F71092840B8091B600806264
S11367708093B6008091B60081FDFCCF82E08093C7
S1136780B0008091B60080FDFCCF83E08093B1001F
S11367908091B60083FDFCCF86EE8093B300809198
S11367A070008260809370000E942A0D0E94B631AE
S11367B08823E1F78E2D99278FBF78941092640A6D
S11367C084E08093630A8091000290910102809397
S11367D0660A892F99278093650A1092620A10929B
S11367E0610A2FB7F89433278091A4088F5F8093B0
S11367F0A4082FBF809103098823F1F480912C0809
S11368008823D1F48091AD21813049F490E08091C6
S1136810490D882309F491E0992371F002C0853071
S113682059F083E080932C080E94AA1E85E080938F
S113683003090E94961E04C00E94961E0E94DF0651
S1136840809121028260809321028FB7F894992766
S113685020910302309104028FBF30932D182093AE
S11368602C18809128028823E9F481E0809328027F
S113687080E890E0A0E0B0E080930E0290930F02D5
S1136880A0931002B09311020E9499130E9464070E
S1136890AB01BC01EE2400E010E220E030E083E034
S11368A00E9445071092831F89E08093301810924C
S11368B0480210924702109244021092430210922E
S11368C046021092450210924C0210924B02109212
S11368D04A021092490210924E0210924D028FB752
S11368E0F894482F552757C08091700099278370DA
S11368F09070892B19F4E5E0F0E014C08091B600A3
S11369008A71E1F78091B3009091B200891B8C30B9
S113691038F08091B200853F18F4E3E0F0E002C063
S1136920E2E0F0E080916E00867009F580916F00DE
S11369308E72E9F4809171008E72C9F40CB407FC74
S113694016C08091C100887191F48091C90088714A
S113695071F48091BC0082FD0AC080917A0087FFA7
S113696003C081E090E005C085E090E002C080E0D3
S113697090E023B78E1708F4E82FFF27EC5FFC4F55
S1136980E491207F2160E22BE3BF78948895F8940A
S113699083B78E7F83BF8091651F8F3F09F4A4CF97
S11369A0282F3327F901E059F74F80818093651F21
S11369B08F3F11F48093FC268FEF80832F3F09F4DF
S11369C093CF4FBF822F0E94DA2889CFACE2B0E088
S11369D0ECEEF4E30C94DB36222E332E442E552EAB
S11369E0662E772E882E992EFE013196A8E01192FC
S11369F0AA95E9F729823A824B825C826D827E8273
S1136A008F829886FE013996B8E01192BA95E9F71B
S1136A10A986BA86CB86DC86ED86FE860F87188B20
S1136A2089819A81AB81BC8189A79AA7ABA7BCA7AE
S1136A307C018D018FEF9FEFA0E0B0E0E822F92206
S1136A400A231B2389A59AA5ABA5BCA51D01442433
S1136A50552489859A85AB85BC858DA39EA3AFA358
S1136A60B8A75C016D018FEF9FEFA0E0B0E0A82212
S1136A70B922CA22DB228DA19EA1AFA1B8A53D01F6
S1136A8088249924C801B701A60195010E9467369C
S1136A9069A37AA38BA39CA3C801B701A4019301A2
S1136AA00E9467367B018C01C201B101A6019501E8
S1136AB00E9467365B016C01C201B101A40193011C
S1136AC00E9467363B014C01EA0CFB1C0C1D1D1D8A
S1136AD089A19AA1ABA1BCA19D01442755272E0DE4
S1136AE03F1D401F511F2A153B054C055D0540F411
S1136AF080E090E0A1E0B0E0680E791E8A1E9B1E43
S1136B00CA01AA27BB27860D971DA81DB91D8D8F05
S1136B109E8FAF8FB8A3A9013327222789A19AA1F9
S1136B20ABA1BCA1A070B070280F391F4A1F5B1F16
S1136B30298F3A8F4B8F5C8FA98CBA8CCB8CDC8CD1
S1136B40ED8CFE8C0F8D18A1FE01719698E01192C8
S1136B509A95E9F7ED8AFE8A0F8B188F2D813E8175
S1136B604F8158856DA17EA18FA198A50E9467369B
S1136B703B014C012D853E854F85588969A57AA531
S1136B808BA59CA50E9467362D893E894F89588D17
S1136B90260F371F481F591F260D371D481D591D25
S1136BA02D8B3E8B4F8B588F6D887E888F88988C69
S1136BB02A2D3B2D4C2D5D2D662D772D882D992D5D
S1136BC0E2E1AC960C94F736A0E1B0E0EAEEF5E32E
S1136BD00C94DB36222E332E442E552E662E772E21
S1136BE0882E992E002309F466C088E0FE013196B0
S1136BF011928A95E9F729833A834B835C836D83E9
S1136C007E838F829887E0E2E01B1E16CCF52D81EF
S1136C103E814F815885602F772767FD7095DA0193
S1136C20C901062E04C0B695A795979587950A9431
S1136C30D2F78D879E87AF87B88B04C0220F331F8E
S1136C40441F551FEA95D2F789819A81AB81BC8193
S1136C5004C0B695A795979587956A95D2F7282B82
S1136C60392B4A2B5B2B29873A874B875C872984EE
S1136C703A844B845C846D847E848F8498881BC0A2
S1136C801D861E861F86188A2E2F332727FD3095D2
S1136C90309521953F4F8D819E81AF81B88504C089
S1136CA0B695A795979587952A95D2F789879A8758
S1136CB0AB87BC87DCCF222D332D442D552D662D7B
S1136CC0772D882D992DE2E160960C94F736629F1A
S1136CD0D001739FF001829FE00DF11D649FE00DD0
S1136CE0F11D929FF00D839FF00D749FF00D659F31
S1136CF0F00D9927729FB00DE11DF91F639FB00D30
S1136D00E11DF91FBD01CF0111240895991B79E0FC
S1136D1004C0991F961708F0961B881F7A95C9F727
S1136D2080950895AA1BBB1B51E107C0AA1FBB1F76
S1136D30A617B70710F0A61BB70B881F991F5A9503
S1136D40A9F780959095BC01CD01089597FB092E74
S1136D5007260AD077FD04D0E5DF06D000201AF418
S1136D60709561957F4F0895F6F7909581959F4FA3
S1136D700895A1E21A2EAA1BBB1BFD010DC0AA1F78
S1136D80BB1FEE1FFF1FA217B307E407F50720F090
S1136D90A21BB30BE40BF50B661F771F881F991F0B
S1136DA01A9469F760957095809590959B01AC0154
S1136DB0BD01CF0108952F923F924F925F926F923F
S1136DC07F928F929F92AF92BF92CF92DF92EF9277
S1136DD0FF920F931F93CF93DF93CDB7DEB7CA1BF8
S1136DE0DB0B0FB6F894DEBF0FBECDBF09942A8823
S1136DF0398848885F846E847D848C849B84AA84CB
S1136E00B984C884DF80EE80FD800C811B81AA8157
S1136E10B981CE0FD11D0FB6F894DEBF0FBECDBF22
S1136E20ED010895FB01DC0102C001900D92415077
S1136E305040D8F70895DC0101C06D934150504093
S1096E40E0F70895FFCF06
S1136E46010001010022FFFFFFFFFFFF0201800096
S10D6E560000FFB20B390CB20B026E
S9030000FC
