S01700006275696C642F697269732F6D61696E2E7372656343
S11300000C947D010C949C010C949C010C949C0117
S11300100C949C010C949C010C949C010C949C01E8
S11300200C949C010C949C010C949C010C949C01D8
S11300300C949C010C94030E0C949C010C943E09AA
S11300400C9405100C943C100C94F5090C94000AC3
S11300500C940B0A0C949C010C949C010C949C0130
S11300600C9452090C94F60B0C949C010C94790C8E
S11300700C949C010C949C010C949C010C94D00D48
S11300800C94AF0D0C94BA0D0C94C50D0C94E30DA7
S11300900C94920D0C949C010C94A40D0C949C0152
S11300A00C949C010C949C010C949C010C949C0158
S11300B00C949C010C949C010C949C010C949C0148
S11300C00C949C010C949C010C949C014112E71229
S11300D0BB138518A51831196419B119C1190B1A64
S11300E06A1A111B751A891A181BF91B211C231C67
S11300F02E1C6E1C00002110422063308440A55049
S1130100C660E770088129914AA16BB18CC1ADD159
S1130110CEE1EFF13112100273325222B552944201
S1130120F772D662399318837BB35AA3BDD39CC3A9
S1130130FFF3DEE36224433420040114E664C7744D
S1130140A44485546AA54BB528850995EEE5CFF5F9
S1130150ACC58DD55336722611163006D776F666A1
S11301609556B4465BB77AA719973887DFF7FEE749
S11301709DD7BCC7C448E5588668A778400861186D
S113018002282338CCC9EDD98EE9AFF94889699999
S11301900AA92BB9F55AD44AB77A966A711A500A41
S11301A0333A122AFDDBDCCBBFFB9EEB799B588BE9
S11301B03BBB1AABA66C877CE44CC55C222C033C8D
S11301C0600C411CAEED8FFDECCDCDDD2AAD0BBD39
S11301D0688D499D977EB66ED55EF44E133E322EE1
S11301E0511E700E9FFFBEEFDDDFFCCF1BBF3AAF89
S11301F0599F788F8891A981CAB1EBA10CD12DC1E7
S11302004EF16FE18010A100C230E320045025407C
S113021046706760B9839893FBA3DAB33DC31CD3DC
S11302207FE35EF3B1029012F322D23235421452CC
S113023077625672EAB5CBA5A89589856EF54FE528
S11302402CD50DC5E234C324A0148104667447641C
S113025024540544DBA7FAB79987B8975FE77EF77C
S11302601DC73CD7D326F2369106B016576676766C
S1130270154634564CD96DC90EF92FE9C899E98948
S11302808AB9ABA94458654806782768C018E108BC
S11302908238A3287DCB5CDB3FEB1EFBF98BD89B1C
S11302A0BBAB9ABB754A545A376A167AF10AD01A0C
S11302B0B32A923A2EFD0FED6CDD4DCDAABD8BAD68
S11302C0E89DC98D267C076C645C454CA23C832C5C
S11302D0E01CC10C1FEF3EFF5DCF7CDF9BAFBABFBC
S11302E0D98FF89F176E367E554E745E932EB23EAC
S11302F0D10EF01E00020E060C0411241FBECFEF17
S1130300D1E2DEBFCDBF12E0A0E0B2E0E4E1F3E46D
S113031000E00BBF02C007900D92A231B107D9F7DC
S113032019E1A2E1B2E001C01D92A635B107E1F7DF
S11303300E94FD1C0C9489210C940000FC0120E017
S113034030E007C082819381280F391F0480F58132
S1130350E02D3097B9F7C9010895FB01518340831B
S113036033832283958384830895CF92DF92EF921F
S1130370FF920F931F93CF93DF938C01FB017A01BC
S1130380690105C0E81BF90BE8010C811D81E80136
S11303908A819B81E817F907A8F71CC0E8018A81C4
S11303A09B818E1B9F0BE7018E159F0508F4EC01C2
S11303B0D8018D919C91AE01B6018E0F9F1F0E94B2
S11303C07921CC0EDD1EEC1AFD0AE8010C811D8199
S11303D0E0E0F0E00115110519F01E141F04F4F219
S11303E080E090E0DF91CF911F910F91FF90EF900B
S11303F0DF90CF9008954F925F926F927F928F9289
S11304009F92AF92BF92CF92DF92EF92FF920F939F
S11304101F93CF93DF938C014B015A013901CC24F4
S1130420DD2404C06C01F801048115810115110556
S113043019F44424552436C0F801828193818C0D2B
S11304409D1D8816990670F74424552428C074010C
S1130450EC18FD08F801828193818E199F09E5014A
S11304608A159B0508F4EC01F801608171816E0D19
S11304707F1DAE01C3010E9479214C0E5D1EF8015F
S1130480048115810115110569F0CE0CDF1CCC0E19
S1130490DD1E8C0E9D1EAC1ABD0A6C0E7D1E1A1438
S11304A01B04ACF2C201DF91CF911F910F91FF9019
S11304B0EF90DF90CF90BF90AF909F908F907F9000
S11304C06F905F904F900895EF92FF920F931F9358
S11304D0CF93DF93FC0120E030E040E050E0A0E067
S11304E0B0E02EC0628173816115710531F1C08164
S11304F0D18100E010E01EC0888100FD0BC0992767
S1130500982F8827A82BB92BC8010196861797071F
S113051071F403C09927A82BB92B7D01C701AA2721
S1130520BB27280F391F4A1F5B1FA0E0B0E00F5FF5
S11305301F4F219606171707F9F60480F581E02D61
S1130540309781F60BC0DA01C901A070B0709A012E
S113055044275527280F391F4A1F5B1F203080E08E
S1130560380781E0480780E0580768F7C90180959B
S11305709095DF91CF911F910F91FF90EF90089587
S1130580EF92FF920F931F93CF93DF93CDB7DEB714
S11305906A970FB6F894DEBF0FBECDBFE42E08965F
S11305A09A87898740E150E05C874B879E01215FF1
S11305B03F4F3E872D874096988B8F875A8B498B68
S11305C0CE0145969C8B8B8BCE0101969E8B8D8B99
S11305D088E090E0988F8F8B7A8F698FCB010E948F
S11305E09E01AA2797FDA095BA2FBC01CD010E94B8
S11305F0670469837A838B839C83FF2400271127F4
S1130600C801B7010E9467046D837E838F83988736
S1130610CE0109960E9464026A960FB6F894DEBF72
S11306200FBECDBFDF91CF911F910F91FF90EF903F
S113063008958CED95E09093280280932702089505
S1130640A7E2B2E004969C0121703070280F391F94
S113065002C0A40FB51F8D919C911197AC015F70DE
S11306604217530710F097FF06C0CD0187529240FE
S11306708C5D954074F388E0A330B80718F080E0EF
S113068090E00895C90102979C013F70306811966B
S11306903C932E93FD01E80FF91F481B590B5F7023
S11306A051834083CD0102960895CF93DF939C013B
S11306B0E7E2F2E0C0E0D0E006C0808191819F7063
S11306C0EF01E80FF91FCF0102968217930739F063
S11306D0CF01875292408C5D95407CF327C0808186
S11306E091819C013F70DF01A20FB31F9F7791831B
S11306F08083CD01875292408C5D95404CF48D915E
S11307009C9197FD05C09F70280F391F318320836A
S1130710209761F02881398137FD08C03F708081BE
S113072091819F70280F391F39832883DF91CF91DE
S11307300895E7E2F2E040E050E00BC0208131810F
S113074037FD04C0C9019F70480F591F3F70E20F65
S1130750F31FCF01875292408C5D95407CF3CA0110
S113076008956F927F928F929F92AF92BF92CF9291
S1130770DF92EF92FF920F931F93CF93DF93FB01CE
S11307805A018B01040F151FDC01CC24DD2440E049
S113079050E07AE398EF692E9FEF792E600E711E78
S11307A06E167F0608F460C0ED01E980FC9024E039
S11307B030E08FEF882E982ECCE0D0E0C401022EDA
S11307C002C0969587950A94E2F78E159F0530F03E
S11307D042305105B1F42031310599F4C7010C2E92
S11307E002C0969587950A94E2F7682F6F708F7010
S11307F090700A9718F4862F805D02C0862F895A5C
S113080081932C5F3F4F249724313105B9F68D91A4
S11308109C911197892B21F54115510559F4719338
S11308208D919C911197892B19F441E050E002C0FD
S113083042E050E087E0C816D10424F44130510569
S113084009F071930894C11CD11C129688E0C81653
S1130850D10409F0A5CF4130510531F4719304C09E
S11308604130510539F7E4CF11920A191B09CF0120
S1130870801B910BDF91CF911F910F91FF90EF900F
S1130880DF90CF90BF90AF909F908F907F906F90AC
S11308900895DC018C918370823021F4FD01218163
S11308A0328113C0833019F020E030E00EC0FD0126
S11308B0319620E030E0AD01475F5F4F8191919127
S11308C0280F391FE417F507C9F7C9010895EF92F6
S11308D0FF920F931F93FB01BC01882799272F2FA9
S11308E03E2F44275527A90133272227E72EF62E2A
S11308F0002711272E293F29402B512BCA01B9016A
S11309001F910F91FF90EF9008959C01DB01FC0172
S113091004C08D9181934150504041155105C9F750
S1130920C90108958F929F92AF92BF92CF92DF92A6
S1130930EF92FF920F931F93CF93DF936C014B01C0
S1130940892B09F4A3C06115710509F49FC080E1E6
S1130950EB0119928A95E9F7D60160E070E090E026
S113096046C02A3301F1822F80538A3030F4332772
S113097027FD3095205330400EC0422F552747FDA8
S113098050952154263020F49A012753304003C057
S11309909A012755304044E0660F771F4A95E1F7E6
S11309A0622B732B0DC0E92FFF27EE0FFF1FE80DFD
S11309B0F91D072F162F118300839F5F60E070E0FD
S11309C0FD013196ED012981222359F4E92FFF27F6
S11309D0EE0FFF1FE80DF91DE72EF62EF182E082DF
S11309E055C08C918A3311F42A3341F0DF012C91E4
S11309F0222309F0B6CFFD0101C0319680818823FE
S1130A00E1F7DF01119760E070E017E090E03BC090
S1130A102C912A3311F1822F80538A3030F43327FA
S1130A2027FD3095205330400EC0422F552747FDF7
S1130A3050952154263020F49A012753304003C0A6
S1130A409A0127553040092E02C0220F331F0A9401
S1130A50E2F7622B732B9C5F0EC0E12FFF27EE0F92
S1130A60FF1FE80DF91DA72EB62EB182A0821150EA
S1130A7060E070E090E01197FD0181818A3319F400
S1130A808C918A3319F0CA16DB0610F2DF91CF91EC
S1130A901F910F91FF90EF90DF90CF90BF90AF9098
S1130AA09F908F900895FC017183608353834283E8
S1130AB0358324830895CF92DF92EF92FF920F93B0
S1130AC01F93CF93DF938C016B01EE24FF241AC094
S1130AD0F80182819381E89EE001E99ED00DF89EA1
S1130AE0D00D112480819181C80FD91FCE01F60148
S1130AF00995FFEF8F3F9F0759F0019759F008942C
S1130B00E11CF11CF80184819581E816F90600F3D3
S1130B10C0E0D0E0CE01DF91CF911F910F91FF9003
S1130B20EF90DF90CF900895EF92FF920F931F9371
S1130B30CF93DF93EC017B0100E010E012C08A81C7
S1130B409B819C01029FC001039F900D129F900DF9
S1130B50112428813981820F931FF70109950F5FB2
S1130B601F4F8C819D810817190748F3DF91CF919E
S1130B701F910F91FF90EF9008958FB7F8949927E4
S1130B8008958FBF08958FB7F894992722B131E063
S1130B90232722B98FBF0895282F9FB7F894E82FF1
S1130BA0FF27E25EF74F80818F3F81F4E09149197E
S1130BB0E21771F40BC020939E1704C0FF27E25E76
S1130BC0F74F20832093491920E007C025E005C092
S1130BD080919E178F3F91F7EECF892F99278FBF72
S1130BE0822F9927089582E00E94CC0599270895C1
S1130BF08091CB0A8A3021F480915608843021F008
S1130C0081E080931502089580E10E94CC05109242
S1130C10150208952FB7F89433278093C600E0ECAB
S1130C20F0E08081806480832FBF0895FC0161150A
S1130C30710519F481E090E0089580916A0890911B
S1130C406B08892B19F085E090E0089570938E1756
S1130C5060938D17F0936B08E0936A08109258081C
S1130C601092570881E0809359088091C0008064F5
S1130C708093C0008091C10080648093C100808112
S1130C8021E030E030935808209357080E940A0668
S1130C9080E090E008958FB7F89499272091260278
S1130CA02E7F209326022EE7209332088FBF61E027
S1130CB070E082E398E00E941606992708951F9336
S1130CC01FB7F89480914319882341F48EE00E9461
S1130CD0CC05882319F481E080934319812F992747
S1130CE08FBF1F910895882319F08CB5806402C0CA
S1130CF08CB58F7B8CBD08950F931F93982F1FB7CE
S1130D00F89480911402823099F580910A0289172F
S1130D1079F58091080220E030E08F3F11F421E062
S1130D2030E0232BF1F49FEF90930A028F3F19F4E4
S1130D302FEF30E00DC0282F3327F901E959F74F81
S1130D408081809308028F3F11F49093090290836D
S1130D502093690881E0809314028DE00E94CC0501
S1130D6005C08FEF80930A021092140201E001C0C3
S1130D7000E0812F99278FBF1FB7F8948091140248
S1130D80882311F40E947306812F99278FBF90E066
S1130D90013009F491E081E09827892F99271F9168
S1130DA00F9108952F923F924F925F926F927F928C
S1130DB08F929F92AF92BF92CF92DF92EF92FF9267
S1130DC00F931F93CF93DF93CDB7DEB729970FB659
S1130DD0F894DEBF0FBECDBF6FB76983F89420903F
S1130DE05C0830905D0840905E0850905F0866246F
S1130DF0772488242EE4A22E93E8B92ECC24DD2473
S1130E00EE24FF2400E010E0222D332D442D552D37
S1130E10662D772D882D90E00E94591F2A833B83ED
S1130E204C835D836E837F8388879987822E932E7C
S1130E30A42EB52E2401350100E20E945720A22ED3
S1130E40B32EC42ED52EA3019201569547953795FE
S1130E5027952A0D3B1D4C1D5D1D57FF05C05F776F
S1130E602F5F3F4F4F4F5F4F20935C0830935D08D7
S1130E7040935E0850935F08E9818E2F99278FBFB6
S1130E80CA01B90129960FB6F894DEBF0FBECDBFD3
S1130E90DF91CF911F910F91FF90EF90DF90CF9052
S1130EA0BF90AF909F908F907F906F905F904F9086
S1130EB03F902F900895AC01EFB7F89420918400EF
S1130EC030918500C901841B950B039686179707FB
S1130ED020F0B9016D5F7F4F02C0640F751F61156B
S1130EE0710511F461E070E0615070407093890005
S1130EF06093880082E086BB80916F00826080935B
S1130F006F008E2F99278FBF0895EF92FF920F9352
S1130F101F937C018FB7F89499270091D10A1091FF
S1130F20D20A0F5E1E4F1093D20A0093D10A0151C8
S1130F3011408FBF8AE00E94CC05C801B7010E940E
S1130F40DA208A5D9E4F1F910F91FF90EF900895D4
S1130F507FB7F8946091B2002091190830911A0873
S1130F6040911B0850911C08B99B11C08091B3009B
S1130F709091B200280F311D411D511D2F5F3F4F2D
S1130F804F4F5F4F290F311D411D511D04C0260FC6
S1130F90311D411D511D872F99278FBFCA01B901EA
S1130FA00895DF92EF92FF920F931F938FB7F894F7
S1130FB0282F3327D22E9091B3008091B20047B3EB
S1130FC0981711F041FF02C02FBF71C080915B08D8
S1130FD08823E1F10E94A807E0901108F09012081C
S1130FE000911308109114082091A4173091A517AB
S1130FF04091A6175091A7176E197F09800B910B8A
S1131000621773078407950720F010925B0871E05C
S11310101EC02E0D3F1D401F511F80911908909135
S11310201A08A0911B08B0911C08281B390B4A0B05
S11310305B0B273E31054105510540F4822F2230D8
S113104010F070E005C070E082E002C070E086EE4F
S1131050682F61508091B60083FDFCCF8091B2006F
S1131060681709F46F5F2091190830911A084091AC
S11310701B0850911C08DA01C9010196A11DB11D7C
S1131080860F911DA11DB11D82179307A407B507F3
S113109010F4622F60958091B60083FDFCCF6093BD
S11310A0B300DFBE772319F085E00E94CC051F91C1
S11310B00F91FF90EF90DF900895AFB7F894BB279E
S11310C0E1E0E0935B086093110870931208809349
S11310D01308909314082093A4173093A5174093F2
S11310E0A6175093A717AFBF0E94D107089588236E
S11310F019F08CB5806802C08CB58F778CBD0895CB
S11311000F931F9380E00E9473060FB7F894112782
S1131110229A2398219A209A8CB580618CBD80E014
S11311200E9477088CB5877F8CBD8CB58B7F8CBD76
S113113081E00E9473068DB581608DBD8CB58C7F76
S11311408CBD0FBF1F910F9108958FB7F894209114
S1131150A4093091A5094091A6095091A709E091ED
S11311608400F0918500B09B08C02F5F3F4F4F4F24
S11311705F4FE0918400F091850099278FBFC901EA
S1131180772766279F0144275527622B732B842BCF
S1131190952B0895FC01EC57FF4F8081826080837A
S11311A0089580589F4F0895CF92DF92EF92FF9257
S11311B00F931F938C016A017B010E94CA08C80126
S11311C00E94D108FC01C082D182E282F3821F9185
S11311D00F91FF90EF90DF90CF900895FC018281F2
S11311E09927982F882721813327822B932B75E009
S11311F0969587957A95E1F7817090700895CF93CD
S1131200DF93EC010E94EE08882339F18A81298159
S11312109927982F88273327822B932B87749C7CBC
S113122081549848D1F48F814E812FB7F894332795
S113123060910202709103022FBF20E09927982F3A
S113124088275527842B952B8617970709F021E0CB
S113125081E02827822F992702C080E090E0DF9167
S1131260CF910895FC0181819927807390708164E6
S113127098688183892F9927828308951F920F92FA
S11312800FB60F9211248F938091B0008093B00019
S11312908091B60081FDFCCF8F910F900FBE0F900F
S11312A01F9018951F920F920FB60F9211240F934F
S11312B01F932F933F934F935F936F937F938F93DA
S11312C09F93AF93BF93CF93DF93EF93FF932EB589
S11312D0E091C50AF091C60A309739F08091A009CF
S11312E09091A109E80FF91F20838091A0099091A2
S11312F0A10901969093A1098093A00980E00E941E
S11313007708C091A009D091A109209106083091D5
S11313100708C217D30708F042C000913E19109184
S11313203F194091C50A5091C60ACE010A96281762
S1131330390708F4C901DA01AC0FBD1FF801EC0F3D
S1131340FD1F9C012150304015C00115110531F0DD
S113135080818EBD0DB407FEFDCF04C01EBC0DB44C
S113136007FEFDCF8EB54115510509F08C932196EA
S113137011963196C217D30740F381E00E94770893
S11313800115110531F00C0F1D1FF80180818EBD70
S113139001C01EBCD093A109C093A00911C0109232
S11313A0C60A1092C50A10923F1910923E19109263
S11313B00708109206081092A1091092A0098EB590
S11313C0FF91EF91DF91CF91BF91AF919F918F9159
S11313D07F916F915F914F913F912F911F910F9149
S11313E00F900FBE0F901F90189578941F920F9234
S11313F00FB60F9211240F900FBE0F901F901895E7
S113140078941F920F920FB60F9211240F900FBE73
S11314100F901F90189578941F920F920FB60F9209
S113142011242F933F938F939F93AF93BF932FB721
S1131430F89433278091A4099091A509A091A60955
S1131440B091A7090196A11DB11D8093A4099093A1
S1131450A509A093A609B093A7092FBFBF91AF9187
S11314609F918F913F912F910F900FBE0F901F90DE
S11314701895E4EFF0E06927660FF11DE60FF11D02
S1131480C895982F802D3196C89590250895982F4A
S113149080912102882389F5992379F531E03093ED
S11314A0210280910B028093220220911602822F46
S11314B0817080931708809110029091110290938B
S11314C024028093230280911702809325023227FD
S11314D03170267EE32FFF27EE0FFF1FE45FFD4FE1
S11314E0808191819093110280931002232B209389
S11314F0160283E10E94CC0508958091160280FFB4
S113150002C08B7F01C08D7F8093160208950F93D4
S11315101F93082F162F809156088130D9F08130FF
S113152038F0823009F44AC0833009F028C159C028
S1131530002309F458C1109286171092851710924F
S1131540D40A1092991710925A081092A90910926D
S1131550A80939C1002309F046C18091A8099091D6
S1131560A9090E94390A9093A9098093A80982E0E5
S11315708093560810939917143409F000C125C1BB
S11315808695869503C0809116028695817009F030
S1131590F6C080911602992311F0846001C0826024
S11315A08093160280911602877E886080931602CB
S11315B0109217028FEF80930B0215C1002309F0DC
S11315C0DEC060935A088091A8099091A9090E94ED
S11315D0390A9093A9098093A80983E08093560857
S11315E002C18091D40A8F3F09F4C9C0002309F4D1
S11315F061C0823008F4C3C0E0918517EE2309F47A
S1131600EBC04E2F4150E42FFF27EB57F84E828159
S11316109927382F2227442311F4E2E002C0E42F53
S1131620E150FF27EB57F84E82819927282B392B5D
S11316308091A8099091A9092817390709F09FC03A
S113164080E00E94470A30915A08809198092091BD
S11316509909982F9F5F963008F090E0921771F0E7
S1131660E82FFF27E856F64F32838F5F809398095F
S1131670863010F0109298090E945F061092861727
S11316801092851794E0909356081092D40A109201
S1131690991710925A081092A9091092A8098091DA
S11316A026028D7F8093260280911502882309F4F7
S11316B09AC084C0823008F44EC0E0918617FF2798
S11316C0EB57F84E8281482F5527342F209116026C
S11316D0822F86958695869583709927813091050A
S11316E019F00297F9F40EC0277E206120931602A8
S11316F0442311F485E001C080E080931702309305
S11317000B0210C080911702873860F4E091100238
S1131710F0911102E80FF11D4083809117028F5F51
S11317208093170280918617E82FFF27EB57F84E16
S113173062818F5F80938617833010F01092861732
S113174077278091A8099091A9090E94390A90935A
S1131750A9098093A80980918517E82FFF27EB57E3
S1131760F84E12838F5F80938517833010F01092A8
S113177085178091D40A8F5F8093D40A34C0109265
S113178086171092851714E0109356081092D40A05
S11317901092991710925A081092A9091092A80948
S11317A0809126028D7F8093260281E00E94470A61
S11317B080911502882329F0109356080E94F80599
S11317C012C0002381F081E009CF80911602982F86
S11317D0917080FDD5CED7CE809189179927382F67
S11317E0222742E01CCF1F910F9108951F920F9260
S11317F00FB60F9211242F933F934F935F936F93E0
S11318007F938F939F93AF93BF93EF93FF938091B5
S1131810C00087FF42C06091C600E091AA09F09120
S1131820AB09309719F18091411990914219E80F51
S1131830F91F608301969093421980934119209176
S11318404E1930914F198217930738F11092AB0952
S11318501092AA098091CA0A8330F9F08091C100DC
S11318608F778093C1001092CA0A17C06E3719F49B
S113187060E081E010C0809126026D3721F482601F
S1131880809326020AC081FF05C08D7F80932602C3
S113189080E2682780E00E94870AFF91EF91BF9160
S11318A0AF919F918F917F916F915F914F913F91F4
S11318B02F910F900FBE0F901F901895982F8D5752
S11318C0823068F48091260281608093260280E24F
S11318D089278093D30A8DE78093320802C09093BE
S11318E0320861E070E082E398E00E9416069927CE
S11318F0089578941F920F920FB60F921124FF92BD
S11319000F931F932F933F934F935F936F937F9303
S11319108F939F93AF93BF93CF93DF93EF93FF93F3
S1131920209157083091580880918D1790918E1707
S11319302817390780F4E0916A08F0916B08E20FE8
S1131940F31F80812F5F3F4F30935808209357082F
S11319500E940A06D1C010926B0810926A08109275
S113196059088091C1008F7B8093C100FFB6F89421
S11319708091260280FF0EC08E7F80932602809184
S1131980D30A8093320861E070E082E398E00E9419
S11319901606AFC08091CB0A843009F48CC0853020
S11319A040F4823021F18330B8F5813009F09CC0D5
S11319B00DC0863009F48DC0863008F483C08730AA
S11319C009F48EC0883009F08FC091C080916808F6
S11319D00E945E0C082F83E08093CB0A6091680814
S11319E080914C1990914D190E94390A10C0809130
S11319F0A2170E945E0C082F83E08093CB0A6091AB
S1131A00A21780914C1990914D190E94390A909314
S1131A104D1980934C1966C0E091AD09FF27EE0F74
S1131A20FF1FE259F74F80810E945E0C082F10912E
S1131A30AD09C12FDD27FE01EE0FFF1FE259F74F5D
S1131A40608180914C1990914D190E94390A9093AC
S1131A504D1980934C19209166082F5F20936608D6
S1131A60113039F580911D02E0911802F0911902AC
S1131A70E80FF11DE0818F5F80931D0290911C029D
S1131A80981730F482E080936F0840E050E002C081
S1131A904E2F5527DE01AA0FBB1FFD01E359F74F57
S1131AA08081823031F02F3F21F0A259B74F4C93FF
S1131AB019C084E012C080914C190E945E0C082F5A
S1131AC085E00BC080914D190E945E0C082F86E0C2
S1131AD004C00E944B06082F87E08093CB0A02C003
S1131AE088E003C0002329F089E08093CB0A0E9498
S1131AF05F068F2D99278FBFFF91EF91DF91CF91D3
S1131B00BF91AF919F918F917F916F915F914F9111
S1131B103F912F911F910F91FF900F900FBE0F9047
S1131B201F9018951F920F920FB60F9211248F9346
S1131B308091C80087FF02C08091CE008F910F90E2
S1131B400FBE0F901F90189578941F920F920FB6A6
S1131B500F9211240F900FBE0F901F901895789438
S1131B601F920F920FB60F9211240F900FBE0F9079
S1131B701F90189578941F920F920FB60F9211240C
S1131B800F900FBE0F901F90189578941F920F928C
S1131B900FB60F9211240F900FBE0F901F9018953F
S1131BA078941F920F920FB60F9211248F939F93E4
S1131BB080919600909197009F918F910F900FBE06
S1131BC00F901F90189578941F920F920FB60F9252
S1131BD011242F933F938F939F932FB7F894332718
S1131BE080916208909163080196909363088093B2
S1131BF062082FBF9F918F913F912F910F900FBE3D
S1131C000F901F9018951F920F920FB60F921124E8
S1131C102F933F934F935F936F937F938F939F93F0
S1131C20AF93BF93EF93FF938091B0008093B00084
S1131C308091B60081FDFCCF8091B3009927019675
S1131C40AA27BB272091190830911A0840911B0834
S1131C5050911C08280F391F4A1F5B1F2093190835
S1131C6030931A0840931B0850931C0878940E94E0
S1131C70D107FF91EF91BF91AF919F918F917F9188
S1131C806F915F914F913F912F910F900FBE0F90E5
S1131C901F9018950F931F93CF93DF93182F0FB7AF
S1131CA0F89480911402882311F40E948008802FF4
S1131CB099278FBF8FB7F894C82FDD272C2F8091D9
S1131CC01402882361F481E080931402109369085C
S1131CD08DE00E94CC05CFBF80E090E021C0E12FD1
S1131CE0FF27E959F74F80818F3F89F4E09109027A
S1131CF0E11789F40CC01093080204C0FF27E959C6
S1131D00F74F10831093090280E090E002C085E051
S1131D1090E02FBF05C0809108028F3F79F7EBCF89
S1131D20DF91CF911F910F9108958FB7F894282FC9
S1131D303327922F80910A02882331F48091140270
S1131D40823011F42FBF13C09FBF8FB7F894282F90
S1131D50332780911402882369F482E0809314026B
S1131D6010920A022FBF0E948008209A289A81E0CC
S1131D7090E008952FBF80E00E944A0E80E090E03A
S1131D8008951F93982F1FB7F89480911202823000
S1131D9099F580910702891779F58091050220E071
S1131DA030E08F3F11F421E030E0232BF1F49FEF7A
S1131DB0909307028F3F19F42FEF30E00DC0282FC6
S1131DC03327F901E05BF74F8081809305028F3F51
S1131DD011F49093060290832093350881E0809358
S1131DE0120283E00E94CC0505C08FEF80930702A6
S1131DF01092120221E001C020E0812F99278FBFA9
S1131E0090E0213009F491E081E09827892F992707
S1131E101F910895AC01662319F00E94C30520C0E8
S1131E203FB7F89420915519E22FFF27EE0FFF1FBB
S1131E30E058F64F808191814817590771F4822F39
S1131E408F5F809355198C3010F010925519809142
S1131E500F08882311F010920F08832F99278FBF42
S1131E6081E00E94CC050895FF920F931F93CF93B6
S1131E70DF93EC01FFB6F89480916108882321F583
S1131E80809110089927FC01EE0FFF1FE85CF74FC3
S1131E9000811181D183C08301966CE070E00E94BF
S1131EA0EE20809310082091D00A281719F481E0BD
S1131EB0809361088091A317882349F40E94CC057C
S1131EC081E08093A31703C00E94C3058E018F2D68
S1131ED099278FBFC801DF91CF911F910F91FF9078
S1131EE0089580915408823031F481E0809354083D
S1131EF088E00E94CC0508958093A817882311F4E4
S1131F0084E001C081E08093540888E00E94CC05FD
S1131F100895EF92FF920F931F93E091B609E1FFAA
S1131F202EC02091AE093091AF094091B009509173
S1131F30B109E090B209F090B3090091B40910918D
S1131F40B509621B730B840B950B6E157F05800717
S1131F509107A8F0E0FF04C0ED7FE093B6090CC040
S1131F602E0D3F1D401F511F2093AE093093AF0922
S1131F704093B0095093B10984E00E94CC0586E0F7
S1131F800E94CC051F910F91FF90EF900895CF937D
S1131F90DF93FC018FE38287809103088F5F809336
S1131FA00308DF011196ED018A83809113028823CF
S1131FB019F085E090E026C0E458FF4F80819181BC
S1131FC0EC57F040892B71F0ED0129813327322F32
S1131FD02227818199278062282B392B2183232F63
S1131FE033272983F093D60AE093D50A1092CF0AB7
S1131FF01092CE0A81E08093130284E00E94CC0503
S113200080E090E0DF91CF91089578941F920F9231
S11320100FB60F9211242F933F934F935F936F93B7
S11320207F938F939F93AF93BF93EF93FF93E6E8D0
S1132030F0E080819181208131818FB7F8949927D4
S1132040309365082093640821E020938A178FBF9A
S113205082E00E94CC05FF91EF91BF91AF919F91D7
S11320608F917F916F915F914F913F912F910F903D
S11320700FBE0F901F90189578941F920F920FB671
S11320800F9211242F933F934F935F936F937F93FA
S11320908F939F93AF93BF93EF93FF9380916F00C0
S11320A08D7F80936F0078949FB7F8948091C70ACE
S11320B0813019F482E08093C70A892F99278FBF52
S11320C082E00E94CC05FF91EF91BF91AF919F9167
S11320D08F917F916F915F914F913F912F910F90CD
S11320E00FBE0F901F9018954F925F926F927F9240
S11320F08F929F92AF92BF92CF92DF92EF92FF9214
S11321000F931F93CF93DF932C01809104088823AE
S113211009F08DC180914019853009F088C10E9471
S1132120950E882309F483C180918A17882309F0C6
S11321307EC164E8862E912C840C951CD4018C916C
S113214082FD02C090E00BC0E5E8F0E04E0E5F1E99
S1132150F20191812BE73FEF420E531E9F70809155
S1132160F808981781F09093F808289885EC8EBDAC
S11321700DB407FEFDCF8EB590689EBD0DB407FE6D
S1132180FDCF8EB5289AE20121968981F201218141
S113219040E09927982F88273327822B932B877425
S11321A09C7C8154984809F441E0442301F1289827
S11321B086E88EBD0DB407FEFDCF8EB51EBC0DB4F2
S11321C007FEFDCF8EB5289A99278F7190702091C4
S11321D0600840915108240F312D311D43E035959D
S11321E027954A95E1F7281739070CF420C1289858
S11321F082EC8EBD0DB407FEFDCF8EB589E08EBD99
S11322000DB407FEFDCF8EB5289A0E94A5087B0168
S11322108C01D4018C9184FD03C0E0E0F0E005C0A2
S1132220F20180818550E80FF11D289881E88EBD68
S11322300DB407FEFDCF8EB51EBC0DB407FEFDCF59
S11322408EB5289A8F71893079F0289882EC8EBDEA
S11322500DB407FEFDCF8EB586E08EBD0DB407FE2E
S1132260FDCF8EB5289AE3C08FB7F89499272F9A9B
S113227020918400309185008FBF2F98289880E6A4
S11322808EBDD2019C910DB407FEFDCF8EB59EBDCF
S1132290792F7250773010F4672F01C067E0DE01A8
S11322A0962F4D910DB407FEFDCF8EB54EBD9150C6
S11322B0C1F76150C60FD11D6F5F21962E193F09DA
S11322C02E553F4F3901882477FC8094982C6E0C4E
S11322D07F1C801E911E309719F4972F961B42C0C5
S11322E02081E1808281A3809927AA27BB27BA2F66
S11322F0A92F982F8827332744275527522F44275F
S113230033272227FF24002711278701FF24EE24E7
S11323102E293F29402B512BBB24CC24DD242A29F0
S11323203B294C295D29822B932BA42BB52B861991
S11323309709A809B9098383292F3A2F4B2F5527C9
S113234022839D014427552721838B2F9927AA2770
S1132350BB278083C2CF28810DB407FEFDCF219611
S11323608EB52EBD9150B8F70DB407FEFDCF8EB5D6
S1132370289A289882EC8EBD0DB407FEFDCF8EB549
S113238086E08EBD0DB407FEFDCF8EB5289A30973A
S1132390D1F12081E1808281A3809927AA27BB27DC
S11323A0BA2FA92F982F8827332744275527522F30
S11323B0442733272227FF24002711278701FF24DE
S11323C0EE242E293F29402B512BBB24CC24DD2481
S11323D02A293B294C295D29822B932BA42BB52B2D
S11323E0860D971DA81DB91D8383292F3A2F4B2FC6
S11323F0552722839D014427552721838B2F992715
S1132400AA27BB278083C2010E94CA08C2010E9476
S1132410D108FC01608271828282938286E080937B
S1132420401984E08093040880E090E002C085E0D5
S113243090E0DF91CF911F910F91FF90EF90DF908B
S1132440CF90BF90AF909F908F907F906F905F9050
S11324504F900895CF92DF92EF92FF920F931F93C4
S1132460CF93DF93E82FFF27E431F10510F00C94AC
S1132470D71CEA59FF4FEE0FFF1F0590F491E02D92
S113248009948FB7F894282F3327422F909110087E
S11324908091D00A981739F480916108882319F43F
S11324A01092A317A5C04FBFE091D00AFF27EE0FEB
S11324B0FF1FE85CF74F0190F081E02D80818D5083
S11324C0482F5527642F4093AC09B3857781A681A3
S11324D0818520859927982F88273327822B932B52
S11324E03481359627E0EF0119922A95E9F735975B
S11324F08087892F992787833287E091D00AFF2725
S1132500EE0FFF1FE85CF74F0190F081E02D41379B
S113251010F00C94471C872F9927982F88272A2F6F
S11325203327822B932B8683892F99278583B3871F
S1132530418780911A0290911B02892B11F00C940F
S1132540471C2FB7F894332785E080931D0210921F
S11325501E02F0931902E093180282E090E0909337
S11325601B0280931A021092200210921F02645FD1
S113257060931C022FBF8FB7F894282F33278091C4
S1132580CB0A8A3011F42FBF1CC02FBF9FB7F89419
S113259080916F08882311F020E006C081E08093C9
S11325A06F081092700821E0892F99278FBF22238A
S11325B041F00E945F068FB7F894992722B132E068
S11325C0D6C010921B0210921A020C94471C8FB7AB
S11325D0F894282F3327422F90910508809155199C
S11325E0981749F480910F08882329F41092080859
S11325F02FBF0C94D71C4FBFE0915519FF27EE0F46
S1132600FF1FE058F64FC081D181F984ED80DE8050
S11326100F8188851127102F00279927082B192B44
S1132620CB84CE010E943209C458DF4F198218822C
S113263028961882C458D040FE0131960887012F8D
S11326401127098720E72F1508F47BC5818129818B
S113265040E09927982F88273327822B932B877460
S11326609C7C8154984809F441E0442319F4CE0138
S11326700E9432094E2D5527542F44278D2D99271A
S1132680482B592B8DE0F80EF8822FB7F894332796
S113269080910202909103022FBF8887892F992786
S11326A089872FB7F8943327809104022FBF992785
S11326B08C831D82CB864E83452F55274F838FB73E
S11326C0F894282F332780911202882371F482E032
S11326D080931202109207022FBFCE010E94C70FEF
S11326E09927182F882399F00FC02FBFD09337084C
S11326F0C09336088FB7F894C82FDD272C2F80910C
S11327001202882399F406C080E00E94C10E812F32
S1132710992725C081E0809312021092350883E046
S11327200E94CC05CFBF80E090E019C08091500892
S11327308F3F91F4E0910602EE2371F00C94C81CD3
S11327401092050204C0FF27E05BF74F108210923D
S1132750060280E090E002C085E090E02FBF892B64
S113276009F0EFC48FB7F894992722B134E02327F6
S113277022B90C94C61C80918A17882309F4FDC0E1
S11327800E94950E882309F4F8C08FB7F89499270E
S1132790C0916408D09165088FBF10928A17289859
S11327A08FE88EBD0DB407FEFDCF8EB51EBC0DB4F3
S11327B007FEFDCF8EB5289A982F809104088330A8
S11327C011F0873031F485E08093401988E08093DC
S11327D00408092F112702FF5EC080910408863087
S11327E019F41092040803C0882309F054C09430EB
S11327F0E9F5289886E88EBD0DB407FEFDCF8EB5A9
S11328001EBC0DB407FEFDCF2EB5289A2F71809102
S11328105108982F96959695E22FE91B8E0F809379
S11328205108E0911508F0911608DF01AC57BF4F2D
S11328308C918B7F88608C93EB57FF4F21830E9490
S1132840A508DC01CB01C81BD90B2797AE0166276D
S113285057FD6095762F480F591F6A1F7B1F809183
S11328601508909116080E94D40812C0E09115082A
S1132870F0911608EC57FF4F8081877F8083E091A9
S11328801508F0911608EC57FF4F80818D7F8083E7
S113289085E08093040803FF70C0809104088430AD
S11328A009F04EC085E0809340191092040880918D
S11328B01808833019F4109218085FC0C0914A199F
S11328C0D0914B19CE010E94EE08882389F18A81A8
S11328D029819927982F88273327822B932B877454
S11328E09C7C8154984821F58F812E819927982FBB
S11328F088273327822B932B8F5F9F4FC9F090E05B
S11329008091C70A882309F491E0992389F012E0A1
S113291010936C0881E08093C70A809184009091A1
S1132920850069E973E00E945B071093180825C0CD
S1132930109218081092550880E00E947C0F1DC068
S11329408530D9F420916008289886E88EBD0DB4AE
S113295007FEFDCF8EB51EBC0DB407FEFDCF8EB5B0
S1132960289A8F71922F96959695891B280F2093FC
S1132970600889E08093040808C0909104089923B2
S113298009F4F4C2993009F021C2289880E28EBD7E
S11329900DB407FEFDCF8EB51EBC0DB407FEFDCFF2
S11329A08EB5482F5527433010F40C94D01C842F37
S11329B099278E37910514F00C94D01C1EBCE0911D
S11329C01508F09116084083142F1250173010F494
S11329D0912F01C097E0BF016F5F7F4F292FFB014B
S11329E040E050E00DB407FEFDCF8EB51EBC8083E1
S11329F081914827042E4295407F4025052E542F6F
S1132A0042954F700426469554274527440F440F9A
S1132A10440F4025215031F79150DB01A90FB11D1E
S1132A209F5F1196E0911508F091160881818770D7
S1132A30823009F421E0222349F020E030E0809143
S1132A401808823081F421E030E00DC08FB7F8948B
S1132A50282F332760E080912B11833008F461E044
S1132A602FBF262F3327232B09F45EC0191B912F68
S1132A7018C00DB407FEFDCF8EB51EBC8C938D918E
S1132A804827042E4295407F4025052E542F429519
S1132A904F700426469554274527440F440F440F8E
S1132AA04025915030F70DB407FEFDCF8EB51EBC06
S1132AB09A012827022E2295207F2025032E322FCB
S1132AC022952F700226269532272327220F220FC4
S1132AD0220F20250DB407FEFDCF8EB51EBC28277E
S1132AE0022E2295207F2025032E322F22952F702F
S1132AF00226269532272327220F220F220F202574
S1132B000DB407FEFDCF8EB5E0911508F0911608BF
S1132B10EB57FF4F8083289A15E0109340191092C9
S1132B200408232B31F01EC20DB407FEFDCF8EB571
S1132B3037C7E0901508F090160867010894C11C87
S1132B40D11CE701898190E0282F3327277030704A
S1132B502230310509F491E080911808992329F174
S1132B60823009F02EC1F7019381E0914A19F09166
S1132B704B198381981709F024C12230310509F0DB
S1132B8020C180916F008D7F80936F001092C70ADF
S1132B90EC57FF4F80818160808310921808109257
S1132BA0550880E00E947C0F0CC18823C9F4C7013A
S1132BB00E94FF088823A1F01093F90882E0809313
S1132BC0FA081092FB08E7018B818093FC0889EFD7
S1132BD098E00E947410882319F483E08093180805
S1132BE0C0918400D0918500C7010E94FF0888230A
S1132BF011F0C45EDC4FD093A309C093A209809165
S1132C00840090918500BE01681B790B1616170687
S1132C10E4F4809155088823A9F490E08091C70AD0
S1132C20882309F491E0992381F081E080936C0872
S1132C308093C70A80918400909185000E945B076D
S1132C4080E801C0806880935508F601808527815B
S1132C509927582F44273327422B532B80911D0843
S1132C60282F3327F901EE0FFF1FE157F84E80811B
S1132C7091817091C80A8417950769F4F901EC5B96
S1132C80F64E8081871709F467C0872F8F5F809382
S1132C90C80A80831DC000E010E080E090E0CFE827
S1132CA0D7E1E4E4F9E1DF01682F9C01888199818F
S1132CB08417950779F420931D089091C80A8C9184
S1132CC0891709F449C0892F8F5F8093C80A8C93B0
S1132CD000E829C08081972F981B091710F4092F49
S1132CE0122F6F5FC9010196119622963196853095
S1132CF09105D1F66530B9F410931D08A12FBB27B7
S1132D00FD01EE0FFF1FE157F84E51834083809180
S1132D10C80A8F5F8093C80AFD01EC5BF64E80837E
S1132D20A05BB64E1C929091C80A892F8F778F377B
S1132D3079F40F3768F0E4E4F9E1292F20788081F1
S1132D408F6789132083319639E1E934F307B9F7A2
S1132D5080911D08282F3327E6019A81A22FBB27D3
S1132D60FD01E05BF64E808180FF07C0FD01E45D5C
S1132D70FE4E8081981729F102C081608083A45D92
S1132D80BE4E9C93DFB6F89480912B118330B0F43F
S1132D90E091A117E80FE33008F0E350FF27EE0FAE
S1132DA0FF1FE75FF74F00811181F182E0828F5F9F
S1132DB080932B1189E00E94CC0578018D2D9927F1
S1132DC08FBFF0921608E0921508C3C0892F815076
S1132DD0833008F09CC081508230E0F43091401977
S1132DE03130C1F420E08091C70A882309F421E03E
S1132DF0222381F02F9883E080936C083093C70AD4
S1132E0080918400909185006BE273E00E945B07DF
S1132E1082E068C0933009F042C080914019833049
S1132E2009F0A0C00E94950E8823C9F128988FE864
S1132E308EBD0DB407FEFDCF8EB51EBC0DB407FECE
S1132E40FDCF8EB5289A80918100806480938100A3
S1132E5080E286BB80916F00806280936F009091C6
S1132E603408289888EC8EBD0DB407FEFDCF8EB5CE
S1132E7090669EBD0DB407FEFDCF8EB5289A2898A6
S1132E8082EC8EBD0DB407FEFDCF8EB586E08EBDFF
S1132E900DB407FEFDCF8EB5289A84E023C080913F
S1132EA004088150823000F5809140198530E1F4A6
S1132EB00E94950E8823C1F0289882EC8EBD0DB433
S1132EC007FEFDCF8EB583E08EBD0DB407FEFDCFAA
S1132ED08EB5289A80916F008F7D80936F00109239
S1132EE08A1783E08093401990910408913041F44B
S1132EF0809140198330B1F52F9A9093401925C0E1
S1132F00923039F580914019833061F51EC09730B5
S1132F1001F50E94950E8823E1F0909134082898D9
S1132F2088EC8EBD0DB407FEFDCF8EB590669EBDB8
S1132F300DB407FEFDCF8EB5289A809140198530D7
S1132F4021F484E08093401904C088E0809304084D
S1132F5004C080910408883029F41092040887E0A2
S1132F600E94CC0580910408882309F580914019BA
S1132F708530D1F480918A178823B1F480911808A0
S1132F80882391F480915508882371F490E080910E
S1132F90C70A882309F491E0992331F00E94710F44
S1132FA080910408882319F48BE00E94CC05809159
S1132FB0C70A823009F0FBC41092C70AF0906C086B
S1132FC0E2E0FE1609F47DC0F3E0FF1609F481C0C7
S1132FD021E0F21609F0EBC48091A2099091A309B3
S1132FE0609184007091850020915508203829F45F
S1132FF0109255080E94710FDAC48C01061B170B3E
S113300027FF03C01016110604F1C0915208D09195
S11330105308809118088823C1F4CE010E947410CB
S11330209927882369F4FE01EC57FF4F80818E7F36
S11330308083F0921808D0934B19C0934A193DC06D
S11330409927F82E8823C9F102C055E0F52E209166
S11330505508822F99278F770197B1F42078226041
S11330602093550880E198E00E94850721E0209391
S11330706C082093C70A2091840030918500BC011C
S1133080C9010E945B0793C427FF13C010161106E1
S113309084F480E88093550881E080936C088093E1
S11330A0C70A8091840090918500B8010E945B0753
S11330B002C0109255088F2D09C083E080935508F3
S11330C076C4109218081092550880E00E947C0F74
S11330D06EC480914019823019F4F0924019A5C24F
S11330E080910408863009F0A0C210920408289840
S11330F081E88EBD0DB407FEFDCF8EB51EBC0DB4A8
S113310007FEFDCF8EB5289A90C22FB7F8943327C7
S1133110809135088093070282E0809312022FBFCA
S113312080910702882309F042C480913608909167
S113313037080E94C70F882309F439C480E00E942D
S1133140C10E0E94C30581E0C6C3E091D50AF09187
S1133150D60ADF01A458BF4F2D913C9111971091CD
S11331601302123009F040C02115310529F0EC5743
S1133170FF4F808180FF02C084E031C08091CE0A7D
S11331809091CF0A01969093CF0A8093CE0A82172A
S1133190930720F581E080931302FD01C281D3815E
S11331A0209721F10E94A8076093AE097093AF099C
S11331B08093B0099093B109CE01AA27BB278093CD
S11331C0B2099093B309A093B409B093B50980915F
S11331D0B60983608093B60986E07DC385E0809359
S11331E013021091130219C01130B9F482E08093D4
S11331F013022091D50A3091D60A8091540888236D
S113320009F003C13093CD0A2093CC0A81E0809366
S113321054081092C90A88E05EC3143008F4C7C386
S1133220232B61F0E091D50AF091D60AE458FF4FC0
S11332308091CE0A9091CF0A9183808310921302D9
S1133240C091D50AD091D60A8A858F3309F0AFC3CD
S113325080E00E94C10E1450612FCE010E940A0F1B
S1133260A6C380913308882361F520919A17309181
S11332709B1740919C1750919D17EFB7F894FF2727
S113328060911108709112088091130890911408AC
S1133290E090A417F090A5170091A6171091A71716
S11332A06E0D7F1D801F911FEFBF20939A173093DF
S11332B09B1740939C1750939D17109233080E94BC
S11332C05D080E94A8073AC00E94A8077B018C01F0
S11332D08FB7F894992710925B088FBF8091B60935
S11332E081FF65C38091AE099091AF09A091B009A7
S11332F0B091B109A8019701281B390B4A0B5B0B4C
S1133300DA01C9012091B2093091B3094091B4099D
S11333105091B509281B390B4A0B5B0B2F3F8FEFDC
S113332038078FEF48078FE7580709F440C3121690
S11333301306140615062CF0C801B7010E94890F64
S113334036C320939A1730939B1740939C1750933E
S11333509D1781E080933308C801B7010E945D087E
S113336026C38091540810925408853019F41092A1
S11333700F081DC3863009F41AC3873009F417C334
S113338038C0109154081130B9F58091C90A8F5F83
S11333908093C90A863080F52091CC0A3091CD0AF9
S11333A080915508882309F590E08091C70A882305
S11333B009F491E09923C9F03093530820935208FB
S11333C0109355088BED91E10E948507BC01109381
S11333D06C081093C70A80918400909185000E9424
S11333E05B071092A81783E004C085E08093A817B8
S11333F082E080935408DBC2109254088091A8178D
S1133400882319F08C5F8093130284E064C20E94C5
S1133410F805CFBFCCC28FB7F894282F33278091FB
S11334202B11882309F4E4C8E091A117FF27EE0FBC
S1133430FF1FE75FF74FA081B1812FBFED018A85A0
S11334409F812E818F3381F4BD01645F7F4F8C9106
S11334508D50482F55278FB7F89499278FBFCD01EA
S11334600E94340FDC011AC0892F9927582F442752
S1133470822F9927482B592B8FB7F894992720919D
S11334800202309103028FBF4217530719F04F5FB6
S11334905F4F21F48FB7F89499278FBF9FB7F894A3
S11334A08091A117E82FFF27EE0FFF1FE75FF74F6B
S11334B0B183A0838F5F8093A117833010F01092A3
S11334C0A11780912B11815080932B11892F99275B
S11334D08FBFA1CF0E94D2062FB7F89433277093E1
S11334E0D20A6093D10A0C94F8128FB7F8949927F2
S11334F01092C60A1092C50A10923F1910923E19F2
S113350010920708109206081092A1091092A009BF
S113351030C92FB7F89433278091690880930A0241
S113352082E0809314022FBF80910A02882309F05D
S11335303EC2209A289A80914019882309F075C0C8
S11335408EEF91E0019701960197E1F716982F9875
S113355086E090E0019701960197E1F7169A289882
S113356083EC8EBD0DB407FEFDCF8EB51EBC0DB42D
S113357007FEFDCF8EB5289A289882EC8EBD0DB437
S113358007FEFDCF8EB588E08EBD0DB407FEFDCFDE
S11335908EB5289A8EEF91E0019701960197E1F795
S11335A028988EEC8EBD0DB407FEFDCF8EB58DE44C
S11335B08EBD0DB407FEFDCF8EB5289A289889ECF0
S11335C08EBD0DB407FEFDCF8EB587EC8EBD0DB458
S11335D007FEFDCF8EB5289A289885EC8EBD0DB4D4
S11335E007FEFDCF8EB580E88EBD0DB407FEFDCF7E
S11335F08EB5289A1092F8088BE0809334082898A6
S113360088EC8EBD0DB407FEFDCF8EB58BE68EBD66
S11336100DB407FEFDCF8EB5289A2F9A81E08093D2
S1133620401980E00E947C06C2C10E94F305BFC11C
S11336308FB7F894109243192091CB0A40E02830B8
S113364009F441E030E0293009F431E0442311F475
S1133650332351F01092CB0AE091AD09FF27EE0F0E
S1133660FF1FE359F74F108299278FBF442311F4AA
S1133670332331F19FB7F8948091A2178F5F809321
S1133680A21780916808833479F420919909809174
S11336909809821779F0822F8F5F80939909863079
S11336A048F01092990906C0A0E0442309F4A1E06F
S11336B071E002C0A0E070E0892F99278FBF06C097
S11336C0222311F010E06CC0A0E070E08FB7F894F2
S11336D09927209115028FBF222341F08FB7F894C8
S11336E099272AE02093CB0A8FBF42C08FB7F89462
S11336F0992760916D0840916F088FBF8FB7F89438
S1133700282F332750E090919809809199099817B0
S113371009F451E02FBF552341F5662331F55FB716
S1133720F89482E080936D088FB7F894282F33279C
S113373040E09091980980919909981709F441E023
S11337402FBF442311F080E006C0E0919909FF27C0
S1133750E856F64F828180936E0883E4809368086C
S11337601092AD09852F99270EC04150423010F0B8
S113377010E00BC08FB7F894992725E420936808CC
S113378021E02093AD098FBF11E0772349F08FB773
S1133790F8949927A0931E028FBF82E10E94CC0562
S11337A08FB7F894C82FDD278091CB0A8A3009F4AB
S11337B02ECECFBF112309F4FAC02FB7F8943327C4
S11337C010924D1910924C191092660881E0809362
S11337D0CB0A2FBF0E944B06882309F4E8C08FB799
S11337E0F894992729E02093CB0A8FBF0E945F06A3
S11337F0DEC08091C1008F7B8093C1008091C100A5
S11338008F778093C1001092CA0A10925908809150
S1133810C10088608093C1008091C1008061809361
S1133820C1008091C10080688093C1008FB7F89473
S113383099271092CB0A109256088FBF10926108F4
S1133840B6C081E148C08091C100877F8093C100E8
S11338508091C1008F7E8093C100A9C010921B0289
S113386010921A028FB7F894992720911E028FBFE5
S113387080911F02811123E0409118025091190296
S113388080912002882309F092C0222319F00E941B
S1133890C30520C03FB7F8942091D00AE22FFF2738
S11338A0EE0FFF1FE85CF74F80819181481759079D
S11338B071F4822F8F5F8093D00A8C3010F01092B5
S11338C0D00A80916108882311F010926108832F37
S11338D099278FBF80E00E94CC0569C08FB7F89408
S11338E0992720912202C0912302D0912402F090C2
S11338F017088FBF2223A1F5EFB6F89480910F0823
S1133900882339F580910508E82FFF27EE0FFF1F64
S1133910E058F64F00811181D183C0838F5F80937B
S113392005088C3010F010920508909105088091DC
S11339305519981719F481E080930F0880910808AD
S1133940882351F481E00E94CC0581E0809308082B
S113395003C00E94C3058E018E2D99278FBFE801F5
S11339608FB7F894EF2DFF27EE0FFF1FE45FFD4F95
S1133970D183C08320911602FF2011F02B7F01C058
S11339802D7F209316021092210299278FBF0FC01A
S1133990809105028F3F11F00C94A3130C94A01393
S11339A0289A85E08093401910920408DBCADF91BD
S11339B0CF911F910F91FF90EF90DF90CF900895DA
S11339C080919E178F3FB1F0282F3327F901E25ED3
S11339D0F74F808180939E178F3F11F4809349198C
S11339E08FEF80832F3F31F0822F0E942A1281E0D3
S11339F090E0089580E090E00895FF920F931F9364
S1133A00FFB6F89414BE88E10FB6F8948093600072
S1133A10109260000FBE44E150E06FEF70E08EE161
S1133A2098E00E9482218FEF80939E17809349191A
S1133A3056985E9854985C9880916F008F7D80931F
S1133A406F00209A289A279A2F980E9A169A81E73F
S1133A5098E09093160880931508109260088AE500
S1133A608093510881E08093810080E28093B600C6
S1133A7083E08093B10080918400909185004AE7AF
S1133A8020918400309185002817390708F44150AB
S1133A90442311F0C901F4CF9091B2008091B20097
S1133AA08917E1F320918400309185009091B20050
S1133AB08091B2008917E1F3809184009091850090
S1133AC0821B930B4096F5E096958795FA95E1F75E
S1133AD09093A01780939F171092B1008091B1002A
S1133AE080938100809181008093B6001092B2008F
S1133AF010928500109284008FEF87BB87B386BB3A
S1133B008091B6008571E1F70A9A099A089A129A87
S1133B10119A109A18B88FEF87B90C9814981092CC
S1133B2095001092940080917100816080937100DF
S1133B3080919100887F826080939100109285002B
S1133B401092840080916F00816080936F00809157
S1133B508100887F8260809381000E94E01C88231A
S1133B60E1F712E006E060919F177091A017882793
S1133B709927ECE0660F771F881F991FEA95D1F704
S1133B8020E031EE40E050E00E940121215030401D
S1133B902093C400832F99278093C5001093C000FD
S1133BA00093C2001092C1002093CC008093CD00FA
S1133BB01093C8000093CA001092C90084E490E0F6
S1133BC090938C1780938B1710926D0810926F0846
S1133BD08AE08093CB0A10926608109268081092CB
S1133BE0A21710924D1910924C1910924319109269
S1133BF0AD09109286171092851784E080935608B9
S1133C001092D40A1092991710925A081092A90986
S1133C101092A80910929909109298098FEF809335
S1133C20670880E00E944A0E209100023091010250
S1133C302F5F3F4FC901AA27BB2780935C0890934D
S1133C405D08A0935E08B0935F0889EA97E19093BA
S1133C500A088093090880E398E190930C08809304
S1133C600B0887EB98E190930E0880930D088091E0
S1133C70B60080628093B6008091B60081FDFCCFCF
S1133C8082E08093B0008091B60080FDFCCF83E099
S1133C908093B1008091B60083FDFCCF86EE8093C3
S1133CA0B300809170008260809370000E94D107FD
S1133CB08FEF9FEF9093901780938F1790939217A5
S1133CC080939117909394178093931790939617DA
S1133CD0809395179093981780939717809100027B
S1133CE08295807F809303088FEF809350080E9411
S1133CF0E01C8823E1F78F2D99278FBF7894E8E3A0
S1133D00F8E081E391E18193919389579F4F28E0F3
S1133D10E035F207C1F71092D00A10921008109201
S1133D20A31781E080936108E0E8F9E087ED9AE069
S1133D308193919389579F4F29E0E839F207C1F79E
S1133D4010925519109205081092080881E080938A
S1133D500F08809154088823E9F48091040888238B
S1133D60C9F480914019813049F490E08091C70AE8
S1133D70882309F491E0992369F003C0853009F49C
S1133D8095C083E08093040882E00E94CC0585E01E
S1133D90809354088FB7F894282F3327922F80915B
S1133DA0CB0A8A3041F080915608843021F02FBF2D
S1133DB01092610804C09FBF8FE00E94CC058FB7AA
S1133DC0F894482F552757C0809170009927837025
S1133DD09070892B19F4E5E0F0E014C08091B600EE
S1133DE08A71E1F78091B3009091B200891B8C3005
S1133DF038F08091B200853F18F4E3E0F0E002C0AF
S1133E00E2E0F0E080916E00867009F580916F0029
S1133E108E72E9F4809171008E72C9F40CB407FCBF
S1133E2016C08091C100887191F48091C900887195
S1133E3071F48091BC0082FD0AC080917A0087FFF2
S1133E4003C081E090E005C085E090E002C080E01E
S1133E5090E023B78E1708F4E82FFF27EC50FD4FAE
S1133E60E491207F2160E22BE3BF78948895F89455
S1133E7083B78E7F83BF80919E178F3F09F4A4CFB1
S1133E80282F3327F901E25EF74F808180939E1734
S1133E908F3F11F4809349198FEF80832F3F09F4EA
S1133EA093CF4FBF822F0E942A1289CF10920F08FE
S1133EB071CFACE2B0E0EFE5FFE10C944221222E99
S1133EC0332E442E552E662E772E882E992EFE01E3
S1133ED03196A8E01192AA95E9F729823A824B8299
S1133EE05C826D827E828F829886FE013996B8E06C
S1133EF01192BA95E9F7A986BA86CB86DC86ED8657
S1133F00FE860F87188B89819A81AB81BC8189A732
S1133F109AA7ABA7BCA77C018D018FEF9FEFA0E010
S1133F20B0E0E822F9220A231B2389A59AA5ABA5B0
S1133F30BCA51D014424552489859A85AB85BC857F
S1133F408DA39EA3AFA3B8A75C016D018FEF9FEF74
S1133F50A0E0B0E0A822B922CA22DB228DA19EA152
S1133F60AFA1B8A53D0188249924C801B701A601D1
S1133F7095010E94232169A37AA38BA39CA3C80162
S1133F80B701A40193010E9423217B018C01C2018A
S1133F90B101A60195010E9423215B016C01C201BC
S1133FA0B101A40193010E9423213B014C01EA0CBD
S1133FB0FB1C0C1D1D1D89A19AA1ABA1BCA19D01D7
S1133FC0442755272E0D3F1D401F511F2A153B0521
S1133FD04C055D0540F480E090E0A1E0B0E0680E9F
S1133FE0791E8A1E9B1ECA01AA27BB27860D971D10
S1133FF0A81DB91D8D8F9E8FAF8FB8A3A90133273C
S1134000222789A19AA1ABA1BCA1A070B070280FEE
S1134010391F4A1F5B1F298F3A8F4B8F5C8FA98CE6
S1134020BA8CCB8CDC8CED8CFE8C0F8D18A1FE0130
S1134030719698E011929A95E9F7ED8AFE8A0F8BB2
S1134040188F2D813E814F8158856DA17EA18FA14E
S113405098A50E9423213B014C012D853E854F8567
S1134060588969A57AA58BA59CA50E9423212D8931
S11340703E894F89588D260F371F481F591F260D1B
S1134080371D481D591D2D8B3E8B4F8B588F6D88C6
S11340907E888F88988C2A2D3B2D4C2D5D2D662D86
S11340A0772D882D992DE2E1AC960C945E21A0E148
S11340B0B0E0EDE5F0E20C944221222E332E442EA2
S11340C0552E662E772E882E992E002309F466C06D
S11340D088E0FE01319611928A95E9F729833A83A3
S11340E04B835C836D837E838F829887E0E2E01B41
S11340F01E16CCF52D813E814F815885602F772780
S113410067FD7095DA01C901062E04C0B695A7951E
S1134110979587950A94D2F78D879E87AF87B88B3A
S113412004C0220F331F441F551FEA95D2F789811B
S11341309A81AB81BC8104C0B695A7959795879564
S11341406A95D2F7282B392B4A2B5B2B29873A8780
S11341504B875C8729843A844B845C846D847E8499
S11341608F8498881BC01D861E861F86188A2E2F52
S1134170332727FD3095309521953F4F8D819E81C2
S1134180AF81B88504C0B695A795979587952A956C
S1134190D2F789879A87AB87BC87DCCF222D332D52
S11341A0442D552D662D772D882D992DE2E16096AD
S11341B00C945E21AA1BBB1B51E107C0AA1FBB1FA5
S11341C0A617B70710F0A61BB70B881F991F5A959F
S11341D0A9F780959095BC01CD01089597FB092E10
S11341E007260AD077FD04D0E5DF06D000201AF4B4
S11341F0709561957F4F0895F6F7909581959F4F3F
S11342000895A1E21A2EAA1BBB1BFD010DC0AA1F13
S1134210BB1FEE1FFF1FA217B307E407F50720F02B
S1134220A21BB30BE40BF50B661F771F881F991FA6
S11342301A9469F760957095809590959B01AC01EF
S1134240BD01CF010895629FD001739FF001829F49
S1134250E00DF11D649FE00DF11D929FF00D839F11
S1134260F00D749FF00D659FF00D9927729FB00DAE
S1134270E11DF91F639FB00DE11DF91FBD01CF01C1
S1134280112408952F923F924F925F926F927F92E2
S11342908F929F92AF92BF92CF92DF92EF92FF9252
S11342A00F931F93CF93DF93CDB7DEB7CA1BDB0BFE
S11342B00FB6F894DEBF0FBECDBF09942A883988A3
S11342C048885F846E847D848C849B84AA84B984AA
S11342D0C884DF80EE80FD800C811B81AA81B981B6
S11342E0CE0FD11D0FB6F894DEBF0FBECDBFED01CA
S11342F00895FB01DC0102C001900D924150504031
S1134300D8F70895DC0101C06D9341505040E0F7A7
S10743100895FFCF3A
S11343140100010022FFFFFFFFFFFFFFB7093E0A70
S1054324B709D3
S9030000FC
